#
# There is insufficient memory for the Java Runtime Environment to continue.
# Native memory allocation (malloc) failed to allocate 696896 bytes. Error detail: Chunk::new
# Possible reasons:
#   The system is out of physical RAM or swap space
#   This process is running with CompressedOops enabled, and the Java Heap may be blocking the growth of the native heap
# Possible solutions:
#   Reduce memory load on the system
#   Increase physical memory or swap space
#   Check if swap backing store is full
#   Decrease Java heap size (-Xmx/-Xms)
#   Decrease number of Java threads
#   Decrease Java thread stack sizes (-Xss)
#   Set larger code cache with -XX:ReservedCodeCacheSize=
#   JVM is running with Unscaled Compressed Oops mode in which the Java heap is
#     placed in the first 4GB address space. The Java Heap base address is the
#     maximum limit for the native heap growth. Please use -XX:HeapBaseMinAddress
#     to set the Java Heap base and to place the Java Heap above 4GB virtual address.
# This output file may be truncated or incomplete.
#
#  Out of Memory Error (arena.cpp:149), pid=30700, tid=28852
#
# JRE version: OpenJDK Runtime Environment (23.0.2+7) (build 23.0.2+7-58)
# Java VM: OpenJDK 64-Bit Server VM (23.0.2+7-58, mixed mode, sharing, tiered, compressed oops, compressed class ptrs, g1 gc, windows-amd64)
# No core dump will be written. Minidumps are not enabled by default on client versions of Windows
#

---------------  S U M M A R Y ------------

Command Line: -javaagent:C:\Program Files\JetBrains\IntelliJ IDEA Community Edition 2024.3.4.1\lib\idea_rt.jar=56540 -Dfile.encoding=UTF-8 -Dsun.stdout.encoding=UTF-8 -Dsun.stderr.encoding=UTF-8 com.ecom.customerapi.CustomerapiApplication

Host: Intel(R) Core(TM) i5-9300H CPU @ 2.40GHz, 8 cores, 7G,  Windows 11 , 64 bit Build 26100 (10.0.26100.8328)
Time: Tue May 12 11:57:32 2026 India Standard Time elapsed time: 1615.212232 seconds (0d 0h 26m 55s)

---------------  T H R E A D  ---------------

Current thread (0x0000023b74c68fe0):  JavaThread "C2 CompilerThread0" daemon [_thread_in_native, id=28852, stack(0x000000a1aae00000,0x000000a1aaf00000) (1024K)]


Current CompileTask:
C2:1615212 8764       4       sun.security.ec.ECOperations::setSum (685 bytes)

Stack: [0x000000a1aae00000,0x000000a1aaf00000]
Native frames: (J=compiled Java code, j=interpreted, Vv=VM code, C=native code)
V  [jvm.dll+0x6e0b99]  (no source info available)
V  [jvm.dll+0x87e2b3]  (no source info available)
V  [jvm.dll+0x88073e]  (no source info available)
V  [jvm.dll+0x880e13]  (no source info available)
V  [jvm.dll+0x27b006]  (no source info available)
V  [jvm.dll+0xbc06f]  (no source info available)
V  [jvm.dll+0xbc2cb]  (no source info available)
V  [jvm.dll+0x2eea6d]  (no source info available)
V  [jvm.dll+0x606669]  (no source info available)
V  [jvm.dll+0x24def2]  (no source info available)
V  [jvm.dll+0x2469c4]  (no source info available)
V  [jvm.dll+0x243e04]  (no source info available)
V  [jvm.dll+0x1c34b0]  (no source info available)
V  [jvm.dll+0x253df1]  (no source info available)
V  [jvm.dll+0x2520aa]  (no source info available)
V  [jvm.dll+0x3ee226]  (no source info available)
V  [jvm.dll+0x8254cb]  (no source info available)
V  [jvm.dll+0x6df345]  (no source info available)
C  [ucrtbase.dll+0x37b0]  (no source info available)
C  [KERNEL32.DLL+0x2e957]  (no source info available)
C  [ntdll.dll+0x427c]  (no source info available)

Lock stack of current Java thread (top to bottom):


---------------  P R O C E S S  ---------------

Threads class SMR info:
_java_thread_list=0x0000023b4c61a9d0, length=34, elements={
0x0000023b74c4d730, 0x0000023b74c50ec0, 0x0000023b74c52c30, 0x0000023b74c549f0,
0x0000023b74c56e90, 0x0000023b74c57a20, 0x0000023b74c68fe0, 0x0000023b45030c00,
0x0000023b452c7500, 0x0000023b458449b0, 0x0000023b4586f270, 0x0000023b465f2490,
0x0000023b465f3840, 0x0000023b465f3ed0, 0x0000023b465f10e0, 0x0000023b465f0a50,
0x0000023b465f4560, 0x0000023b465f31b0, 0x0000023b465f1770, 0x0000023b465f5910,
0x0000023b465f79e0, 0x0000023b465f7350, 0x0000023b465f8070, 0x0000023b465f6cc0,
0x0000023b465f5280, 0x0000023b465f5fa0, 0x0000023b465f6630, 0x0000023b49f61f20,
0x0000023b49f64680, 0x0000023b49f63ff0, 0x0000023b49f65a30, 0x0000023b49f625b0,
0x0000023b49f653a0, 0x0000023b4a14f790
}

Java Threads: ( => current thread )
  0x0000023b74c4d730 JavaThread "Reference Handler"          daemon [_thread_blocked, id=3160, stack(0x000000a1aa800000,0x000000a1aa900000) (1024K)]
  0x0000023b74c50ec0 JavaThread "Finalizer"                  daemon [_thread_blocked, id=36232, stack(0x000000a1aa900000,0x000000a1aaa00000) (1024K)]
  0x0000023b74c52c30 JavaThread "Signal Dispatcher"          daemon [_thread_blocked, id=29088, stack(0x000000a1aaa00000,0x000000a1aab00000) (1024K)]
  0x0000023b74c549f0 JavaThread "Attach Listener"            daemon [_thread_blocked, id=17112, stack(0x000000a1aab00000,0x000000a1aac00000) (1024K)]
  0x0000023b74c56e90 JavaThread "Service Thread"             daemon [_thread_blocked, id=27924, stack(0x000000a1aac00000,0x000000a1aad00000) (1024K)]
  0x0000023b74c57a20 JavaThread "Monitor Deflation Thread"   daemon [_thread_blocked, id=19176, stack(0x000000a1aad00000,0x000000a1aae00000) (1024K)]
=>0x0000023b74c68fe0 JavaThread "C2 CompilerThread0"         daemon [_thread_in_native, id=28852, stack(0x000000a1aae00000,0x000000a1aaf00000) (1024K)]
  0x0000023b45030c00 JavaThread "C1 CompilerThread0"         daemon [_thread_blocked, id=12204, stack(0x000000a1aaf00000,0x000000a1ab000000) (1024K)]
  0x0000023b452c7500 JavaThread "Common-Cleaner"             daemon [_thread_blocked, id=24700, stack(0x000000a1ab000000,0x000000a1ab100000) (1024K)]
  0x0000023b458449b0 JavaThread "Monitor Ctrl-Break"         daemon [_thread_in_native, id=25764, stack(0x000000a1ab200000,0x000000a1ab300000) (1024K)]
  0x0000023b4586f270 JavaThread "Notification Thread"        daemon [_thread_blocked, id=1240, stack(0x000000a1ab300000,0x000000a1ab400000) (1024K)]
  0x0000023b465f2490 JavaThread "HttpClient-1-SelectorManager" daemon [_thread_in_native, id=21072, stack(0x000000a1abd00000,0x000000a1abe00000) (1024K)]
  0x0000023b465f3840 JavaThread "Catalina-utility-1"                [_thread_blocked, id=30184, stack(0x000000a1abf00000,0x000000a1ac000000) (1024K)]
  0x0000023b465f3ed0 JavaThread "Catalina-utility-2"                [_thread_blocked, id=35880, stack(0x000000a1ac000000,0x000000a1ac100000) (1024K)]
  0x0000023b465f10e0 JavaThread "container-0"                       [_thread_blocked, id=31552, stack(0x000000a1ac100000,0x000000a1ac200000) (1024K)]
  0x0000023b465f0a50 JavaThread "mysql-cj-abandoned-connection-cleanup" daemon [_thread_blocked, id=36572, stack(0x000000a1ac200000,0x000000a1ac300000) (1024K)]
  0x0000023b465f4560 JavaThread "HikariPool-1:housekeeper"   daemon [_thread_blocked, id=28048, stack(0x000000a1ab100000,0x000000a1ab200000) (1024K)]
  0x0000023b465f31b0 JavaThread "File Watcher"               daemon [_thread_blocked, id=24580, stack(0x000000a1ac600000,0x000000a1ac700000) (1024K)]
  0x0000023b465f1770 JavaThread "http-nio-7003-exec-1"       daemon [_thread_blocked, id=17984, stack(0x000000a1ac800000,0x000000a1ac900000) (1024K)]
  0x0000023b465f5910 JavaThread "http-nio-7003-exec-2"       daemon [_thread_blocked, id=20888, stack(0x000000a1ac900000,0x000000a1aca00000) (1024K)]
  0x0000023b465f79e0 JavaThread "http-nio-7003-exec-3"       daemon [_thread_blocked, id=37692, stack(0x000000a1aca00000,0x000000a1acb00000) (1024K)]
  0x0000023b465f7350 JavaThread "http-nio-7003-exec-4"       daemon [_thread_blocked, id=17412, stack(0x000000a1acb00000,0x000000a1acc00000) (1024K)]
  0x0000023b465f8070 JavaThread "http-nio-7003-exec-5"       daemon [_thread_blocked, id=32256, stack(0x000000a1acc00000,0x000000a1acd00000) (1024K)]
  0x0000023b465f6cc0 JavaThread "http-nio-7003-exec-6"       daemon [_thread_blocked, id=35372, stack(0x000000a1acd00000,0x000000a1ace00000) (1024K)]
  0x0000023b465f5280 JavaThread "http-nio-7003-exec-7"       daemon [_thread_blocked, id=24304, stack(0x000000a1ace00000,0x000000a1acf00000) (1024K)]
  0x0000023b465f5fa0 JavaThread "http-nio-7003-exec-8"       daemon [_thread_blocked, id=13824, stack(0x000000a1acf00000,0x000000a1ad000000) (1024K)]
  0x0000023b465f6630 JavaThread "http-nio-7003-exec-9"       daemon [_thread_blocked, id=11220, stack(0x000000a1ad000000,0x000000a1ad100000) (1024K)]
  0x0000023b49f61f20 JavaThread "http-nio-7003-exec-10"      daemon [_thread_blocked, id=37684, stack(0x000000a1ad100000,0x000000a1ad200000) (1024K)]
  0x0000023b49f64680 JavaThread "http-nio-7003-Poller"       daemon [_thread_in_native, id=19684, stack(0x000000a1ad200000,0x000000a1ad300000) (1024K)]
  0x0000023b49f63ff0 JavaThread "http-nio-7003-Acceptor"     daemon [_thread_in_native, id=7776, stack(0x000000a1ad300000,0x000000a1ad400000) (1024K)]
  0x0000023b49f65a30 JavaThread "DestroyJavaVM"                     [_thread_blocked, id=18120, stack(0x000000a1aa000000,0x000000a1aa100000) (1024K)]
  0x0000023b49f625b0 JavaThread "HikariPool-1:connection-closer" daemon [_thread_blocked, id=18444, stack(0x000000a1a9d00000,0x000000a1a9e00000) (1024K)]
  0x0000023b49f653a0 JavaThread "HikariPool-1:connection-adder" daemon [_thread_in_native, id=13548, stack(0x000000a1a9e00000,0x000000a1a9f00000) (1024K)]
  0x0000023b4a14f790 JavaThread "C2 CompilerThread1"         daemon [_thread_in_native, id=3404, stack(0x000000a1abb00000,0x000000a1abc00000) (1024K)]
Total: 34

Other Threads:
  0x0000023b74c311a0 VMThread "VM Thread"                           [id=39596, stack(0x000000a1aa700000,0x000000a1aa800000) (1024K)]
  0x0000023b74c1c060 WatcherThread "VM Periodic Task Thread"        [id=17912, stack(0x000000a1aa600000,0x000000a1aa700000) (1024K)]
  0x0000023b57f396a0 WorkerThread "GC Thread#0"                     [id=39568, stack(0x000000a1aa100000,0x000000a1aa200000) (1024K)]
  0x0000023b45bab0f0 WorkerThread "GC Thread#1"                     [id=19816, stack(0x000000a1ab400000,0x000000a1ab500000) (1024K)]
  0x0000023b45bab4a0 WorkerThread "GC Thread#2"                     [id=28964, stack(0x000000a1ab500000,0x000000a1ab600000) (1024K)]
  0x0000023b461b4440 WorkerThread "GC Thread#3"                     [id=33244, stack(0x000000a1ab600000,0x000000a1ab700000) (1024K)]
  0x0000023b4604a930 WorkerThread "GC Thread#4"                     [id=14840, stack(0x000000a1ab700000,0x000000a1ab800000) (1024K)]
  0x0000023b46186f10 WorkerThread "GC Thread#5"                     [id=23316, stack(0x000000a1ab800000,0x000000a1ab900000) (1024K)]
  0x0000023b463f1ae0 WorkerThread "GC Thread#6"                     [id=26900, stack(0x000000a1ab900000,0x000000a1aba00000) (1024K)]
  0x0000023b463f1e90 WorkerThread "GC Thread#7"                     [id=4200, stack(0x000000a1aba00000,0x000000a1abb00000) (1024K)]
  0x0000023b55cae070 ConcurrentGCThread "G1 Main Marker"            [id=26768, stack(0x000000a1aa200000,0x000000a1aa300000) (1024K)]
  0x0000023b57f4bd60 WorkerThread "G1 Conc#0"                       [id=17272, stack(0x000000a1aa300000,0x000000a1aa400000) (1024K)]
  0x0000023b4657f6c0 WorkerThread "G1 Conc#1"                       [id=21100, stack(0x000000a1abe00000,0x000000a1abf00000) (1024K)]
  0x0000023b74aec8c0 ConcurrentGCThread "G1 Refine#0"               [id=23312, stack(0x000000a1aa400000,0x000000a1aa500000) (1024K)]
  0x0000023b74aed1f0 ConcurrentGCThread "G1 Service"                [id=39872, stack(0x000000a1aa500000,0x000000a1aa600000) (1024K)]
Total: 15

Threads with active compile tasks:
C2 CompilerThread0  1616348 8764       4       sun.security.ec.ECOperations::setSum (685 bytes)
C2 CompilerThread1  1616348 8768       4       sun.security.provider.DigestBase::engineUpdate (176 bytes)
Total: 2

VM state: not at safepoint (normal execution)

VM Mutex/Monitor currently owned by a thread: None

Heap address: 0x0000000082800000, size: 2008 MB, Compressed Oops mode: 32-bit

CDS archive(s) mapped at: [0x0000023b00000000-0x0000023b00d70000-0x0000023b00d70000), size 14090240, SharedBaseAddress: 0x0000023b00000000, ArchiveRelocationMode: 1.
Compressed class space mapped at: 0x0000023b01000000-0x0000023b41000000, reserved size: 1073741824
Narrow klass base: 0x0000023b00000000, Narrow klass shift: 0, Narrow klass range: 0x41000000

GC Precious Log:
 CardTable entry size: 512
 Card Set container configuration: InlinePtr #cards 5 size 8 Array Of Cards #cards 10 size 36 Howl #buckets 4 coarsen threshold 1843 Howl Bitmap #cards 512 size 80 coarsen threshold 460 Card regions per heap region 1 cards per card region 2048
 CPUs: 8 total, 8 available
 Memory: 8029M
 Large Page Support: Disabled
 NUMA Support: Disabled
 Compressed Oops: Enabled (32-bit)
 Heap Region Size: 1M
 Heap Min Capacity: 8M
 Heap Initial Capacity: 126M
 Heap Max Capacity: 2008M
 Pre-touch: Disabled
 Parallel Workers: 8
 Concurrent Workers: 2
 Concurrent Refinement Workers: 8
 Periodic GC: Disabled

Heap:
 garbage-first heap   total reserved 2056192K, committed 107520K, used 89561K [0x0000000082800000, 0x0000000100000000)
  region size 1024K, 31 young (31744K), 1 survivors (1024K)
 Metaspace       used 91726K, committed 92672K, reserved 1179648K
  class space    used 12789K, committed 13184K, reserved 1048576K

Heap Regions: E=young(eden), S=young(survivor), O=old, HS=humongous(starts), HC=humongous(continues), CS=collection set, F=free, TAMS=top-at-mark-start, PB=parsable bottom
|   0|0x0000000082800000, 0x0000000082900000, 0x0000000082900000|100%|HS|  |TAMS 0x0000000082800000| PB 0x0000000082800000| Complete |  0
|   1|0x0000000082900000, 0x0000000082a00000, 0x0000000082a00000|100%|HS|  |TAMS 0x0000000082900000| PB 0x0000000082900000| Complete |  0
|   2|0x0000000082a00000, 0x0000000082b00000, 0x0000000082b00000|100%|HS|  |TAMS 0x0000000082a00000| PB 0x0000000082a00000| Complete |  0
|   3|0x0000000082b00000, 0x0000000082c00000, 0x0000000082c00000|100%|HS|  |TAMS 0x0000000082b00000| PB 0x0000000082b00000| Complete |  0
|   4|0x0000000082c00000, 0x0000000082d00000, 0x0000000082d00000|100%|HS|  |TAMS 0x0000000082c00000| PB 0x0000000082c00000| Complete |  0
|   5|0x0000000082d00000, 0x0000000082e00000, 0x0000000082e00000|100%| O|  |TAMS 0x0000000082d00000| PB 0x0000000082d00000| Untracked |  0
|   6|0x0000000082e00000, 0x0000000082f00000, 0x0000000082f00000|100%|HS|  |TAMS 0x0000000082e00000| PB 0x0000000082e00000| Complete |  0
|   7|0x0000000082f00000, 0x0000000083000000, 0x0000000083000000|100%| O|  |TAMS 0x0000000082f00000| PB 0x0000000082f00000| Untracked |  0
|   8|0x0000000083000000, 0x0000000083100000, 0x0000000083100000|100%| O|  |TAMS 0x0000000083000000| PB 0x0000000083000000| Untracked |  0
|   9|0x0000000083100000, 0x0000000083200000, 0x0000000083200000|100%| O|  |TAMS 0x0000000083100000| PB 0x0000000083100000| Untracked |  0
|  10|0x0000000083200000, 0x0000000083300000, 0x0000000083300000|100%| O|  |TAMS 0x0000000083200000| PB 0x0000000083200000| Untracked |  0
|  11|0x0000000083300000, 0x0000000083400000, 0x0000000083400000|100%| O|  |TAMS 0x0000000083300000| PB 0x0000000083300000| Untracked |  0
|  12|0x0000000083400000, 0x0000000083500000, 0x0000000083500000|100%| O|  |TAMS 0x0000000083400000| PB 0x0000000083400000| Untracked |  0
|  13|0x0000000083500000, 0x0000000083600000, 0x0000000083600000|100%| O|  |TAMS 0x0000000083500000| PB 0x0000000083500000| Untracked |  0
|  14|0x0000000083600000, 0x0000000083700000, 0x0000000083700000|100%| O|  |TAMS 0x0000000083600000| PB 0x0000000083600000| Untracked |  0
|  15|0x0000000083700000, 0x0000000083800000, 0x0000000083800000|100%| O|  |TAMS 0x0000000083700000| PB 0x0000000083700000| Untracked |  0
|  16|0x0000000083800000, 0x0000000083900000, 0x0000000083900000|100%| O|  |TAMS 0x0000000083800000| PB 0x0000000083800000| Untracked |  0
|  17|0x0000000083900000, 0x0000000083a00000, 0x0000000083a00000|100%| O|  |TAMS 0x0000000083900000| PB 0x0000000083900000| Untracked |  0
|  18|0x0000000083a00000, 0x0000000083b00000, 0x0000000083b00000|100%| O|  |TAMS 0x0000000083a00000| PB 0x0000000083a00000| Untracked |  0
|  19|0x0000000083b00000, 0x0000000083c00000, 0x0000000083c00000|100%| O|  |TAMS 0x0000000083b00000| PB 0x0000000083b00000| Untracked |  0
|  20|0x0000000083c00000, 0x0000000083d00000, 0x0000000083d00000|100%| O|  |TAMS 0x0000000083c00000| PB 0x0000000083c00000| Untracked |  0
|  21|0x0000000083d00000, 0x0000000083e00000, 0x0000000083e00000|100%| O|  |TAMS 0x0000000083d00000| PB 0x0000000083d00000| Untracked |  0
|  22|0x0000000083e00000, 0x0000000083f00000, 0x0000000083f00000|100%| O|  |TAMS 0x0000000083e00000| PB 0x0000000083e00000| Untracked |  0
|  23|0x0000000083f00000, 0x0000000084000000, 0x0000000084000000|100%| O|  |TAMS 0x0000000083f00000| PB 0x0000000083f00000| Untracked |  0
|  24|0x0000000084000000, 0x0000000084100000, 0x0000000084100000|100%| O|  |TAMS 0x0000000084000000| PB 0x0000000084000000| Untracked |  0
|  25|0x0000000084100000, 0x0000000084200000, 0x0000000084200000|100%| O|  |TAMS 0x0000000084100000| PB 0x0000000084100000| Untracked |  0
|  26|0x0000000084200000, 0x0000000084300000, 0x0000000084300000|100%| O|  |TAMS 0x0000000084200000| PB 0x0000000084200000| Untracked |  0
|  27|0x0000000084300000, 0x0000000084400000, 0x0000000084400000|100%| O|  |TAMS 0x0000000084300000| PB 0x0000000084300000| Untracked |  0
|  28|0x0000000084400000, 0x0000000084500000, 0x0000000084500000|100%| O|  |TAMS 0x0000000084400000| PB 0x0000000084400000| Untracked |  0
|  29|0x0000000084500000, 0x0000000084600000, 0x0000000084600000|100%| O|  |TAMS 0x0000000084500000| PB 0x0000000084500000| Untracked |  0
|  30|0x0000000084600000, 0x0000000084700000, 0x0000000084700000|100%| O|  |TAMS 0x0000000084600000| PB 0x0000000084600000| Untracked |  0
|  31|0x0000000084700000, 0x0000000084800000, 0x0000000084800000|100%| O|  |TAMS 0x0000000084700000| PB 0x0000000084700000| Untracked |  0
|  32|0x0000000084800000, 0x0000000084900000, 0x0000000084900000|100%| O|  |TAMS 0x0000000084800000| PB 0x0000000084800000| Untracked |  0
|  33|0x0000000084900000, 0x0000000084a00000, 0x0000000084a00000|100%| O|  |TAMS 0x0000000084900000| PB 0x0000000084900000| Untracked |  0
|  34|0x0000000084a00000, 0x0000000084b00000, 0x0000000084b00000|100%| O|  |TAMS 0x0000000084a00000| PB 0x0000000084a00000| Untracked |  0
|  35|0x0000000084b00000, 0x0000000084c00000, 0x0000000084c00000|100%| O|  |TAMS 0x0000000084b00000| PB 0x0000000084b00000| Untracked |  0
|  36|0x0000000084c00000, 0x0000000084d00000, 0x0000000084d00000|100%| O|Cm|TAMS 0x0000000084c00000| PB 0x0000000084c00000| Complete |  0
|  37|0x0000000084d00000, 0x0000000084e00000, 0x0000000084e00000|100%| O|  |TAMS 0x0000000084d00000| PB 0x0000000084d00000| Untracked |  0
|  38|0x0000000084e00000, 0x0000000084f00000, 0x0000000084f00000|100%| O|  |TAMS 0x0000000084e00000| PB 0x0000000084e00000| Untracked |  0
|  39|0x0000000084f00000, 0x0000000085000000, 0x0000000085000000|100%| O|  |TAMS 0x0000000084f00000| PB 0x0000000084f00000| Untracked |  0
|  40|0x0000000085000000, 0x0000000085100000, 0x0000000085100000|100%| O|  |TAMS 0x0000000085000000| PB 0x0000000085000000| Untracked |  0
|  41|0x0000000085100000, 0x0000000085200000, 0x0000000085200000|100%| O|  |TAMS 0x0000000085100000| PB 0x0000000085100000| Untracked |  0
|  42|0x0000000085200000, 0x0000000085300000, 0x0000000085300000|100%| O|  |TAMS 0x0000000085200000| PB 0x0000000085200000| Untracked |  0
|  43|0x0000000085300000, 0x0000000085400000, 0x0000000085400000|100%| O|  |TAMS 0x0000000085300000| PB 0x0000000085300000| Untracked |  0
|  44|0x0000000085400000, 0x0000000085500000, 0x0000000085500000|100%| O|  |TAMS 0x0000000085400000| PB 0x0000000085400000| Untracked |  0
|  45|0x0000000085500000, 0x0000000085600000, 0x0000000085600000|100%| O|  |TAMS 0x0000000085500000| PB 0x0000000085500000| Untracked |  0
|  46|0x0000000085600000, 0x0000000085700000, 0x0000000085700000|100%| O|  |TAMS 0x0000000085600000| PB 0x0000000085600000| Untracked |  0
|  47|0x0000000085700000, 0x0000000085800000, 0x0000000085800000|100%| O|  |TAMS 0x0000000085700000| PB 0x0000000085700000| Untracked |  0
|  48|0x0000000085800000, 0x0000000085900000, 0x0000000085900000|100%| O|  |TAMS 0x0000000085800000| PB 0x0000000085800000| Untracked |  0
|  49|0x0000000085900000, 0x0000000085a00000, 0x0000000085a00000|100%| O|  |TAMS 0x0000000085900000| PB 0x0000000085900000| Untracked |  0
|  50|0x0000000085a00000, 0x0000000085b00000, 0x0000000085b00000|100%| O|  |TAMS 0x0000000085a00000| PB 0x0000000085a00000| Untracked |  0
|  51|0x0000000085b00000, 0x0000000085c00000, 0x0000000085c00000|100%| O|  |TAMS 0x0000000085b00000| PB 0x0000000085b00000| Untracked |  0
|  52|0x0000000085c00000, 0x0000000085d00000, 0x0000000085d00000|100%| O|  |TAMS 0x0000000085c00000| PB 0x0000000085c00000| Untracked |  0
|  53|0x0000000085d00000, 0x0000000085e00000, 0x0000000085e00000|100%| O|  |TAMS 0x0000000085d00000| PB 0x0000000085d00000| Untracked |  0
|  54|0x0000000085e00000, 0x0000000085e804e0, 0x0000000085f00000| 50%| O|  |TAMS 0x0000000085e00000| PB 0x0000000085e00000| Untracked |  0
|  55|0x0000000085f00000, 0x0000000085f00000, 0x0000000086000000|  0%| F|  |TAMS 0x0000000085f00000| PB 0x0000000085f00000| Untracked |  0
|  56|0x0000000086000000, 0x0000000086000000, 0x0000000086100000|  0%| F|  |TAMS 0x0000000086000000| PB 0x0000000086000000| Untracked |  0
|  57|0x0000000086100000, 0x0000000086100000, 0x0000000086200000|  0%| F|  |TAMS 0x0000000086100000| PB 0x0000000086100000| Untracked |  0
|  58|0x0000000086200000, 0x0000000086200000, 0x0000000086300000|  0%| F|  |TAMS 0x0000000086200000| PB 0x0000000086200000| Untracked |  0
|  59|0x0000000086300000, 0x0000000086300000, 0x0000000086400000|  0%| F|  |TAMS 0x0000000086300000| PB 0x0000000086300000| Untracked |  0
|  60|0x0000000086400000, 0x0000000086400000, 0x0000000086500000|  0%| F|  |TAMS 0x0000000086400000| PB 0x0000000086400000| Untracked |  0
|  61|0x0000000086500000, 0x00000000865f5f50, 0x0000000086600000| 96%| S|CS|TAMS 0x0000000086500000| PB 0x0000000086500000| Complete |  0
|  62|0x0000000086600000, 0x0000000086600000, 0x0000000086700000|  0%| F|  |TAMS 0x0000000086600000| PB 0x0000000086600000| Untracked |  0
|  63|0x0000000086700000, 0x0000000086700000, 0x0000000086800000|  0%| F|  |TAMS 0x0000000086700000| PB 0x0000000086700000| Untracked |  0
|  64|0x0000000086800000, 0x0000000086800000, 0x0000000086900000|  0%| F|  |TAMS 0x0000000086800000| PB 0x0000000086800000| Untracked |  0
|  65|0x0000000086900000, 0x0000000086900000, 0x0000000086a00000|  0%| F|  |TAMS 0x0000000086900000| PB 0x0000000086900000| Untracked |  0
|  66|0x0000000086a00000, 0x0000000086a00000, 0x0000000086b00000|  0%| F|  |TAMS 0x0000000086a00000| PB 0x0000000086a00000| Untracked |  0
|  67|0x0000000086b00000, 0x0000000086b00000, 0x0000000086c00000|  0%| F|  |TAMS 0x0000000086b00000| PB 0x0000000086b00000| Untracked |  0
|  68|0x0000000086c00000, 0x0000000086c00000, 0x0000000086d00000|  0%| F|  |TAMS 0x0000000086c00000| PB 0x0000000086c00000| Untracked |  0
|  69|0x0000000086d00000, 0x0000000086d00000, 0x0000000086e00000|  0%| F|  |TAMS 0x0000000086d00000| PB 0x0000000086d00000| Untracked |  0
|  70|0x0000000086e00000, 0x0000000086e00000, 0x0000000086f00000|  0%| F|  |TAMS 0x0000000086e00000| PB 0x0000000086e00000| Untracked |  0
|  71|0x0000000086f00000, 0x0000000086f00000, 0x0000000087000000|  0%| F|  |TAMS 0x0000000086f00000| PB 0x0000000086f00000| Untracked |  0
|  72|0x0000000087000000, 0x0000000087023a60, 0x0000000087100000| 13%| E|  |TAMS 0x0000000087000000| PB 0x0000000087000000| Complete |  0
|  73|0x0000000087100000, 0x0000000087200000, 0x0000000087200000|100%| E|CS|TAMS 0x0000000087100000| PB 0x0000000087100000| Complete |  0
|  74|0x0000000087200000, 0x0000000087300000, 0x0000000087300000|100%| E|CS|TAMS 0x0000000087200000| PB 0x0000000087200000| Complete |  0
|  75|0x0000000087300000, 0x0000000087400000, 0x0000000087400000|100%| E|CS|TAMS 0x0000000087300000| PB 0x0000000087300000| Complete |  0
|  76|0x0000000087400000, 0x0000000087500000, 0x0000000087500000|100%| E|CS|TAMS 0x0000000087400000| PB 0x0000000087400000| Complete |  0
|  77|0x0000000087500000, 0x0000000087600000, 0x0000000087600000|100%| E|CS|TAMS 0x0000000087500000| PB 0x0000000087500000| Complete |  0
|  78|0x0000000087600000, 0x0000000087700000, 0x0000000087700000|100%| E|CS|TAMS 0x0000000087600000| PB 0x0000000087600000| Complete |  0
|  79|0x0000000087700000, 0x0000000087800000, 0x0000000087800000|100%| E|CS|TAMS 0x0000000087700000| PB 0x0000000087700000| Complete |  0
|  80|0x0000000087800000, 0x0000000087900000, 0x0000000087900000|100%| E|CS|TAMS 0x0000000087800000| PB 0x0000000087800000| Complete |  0
|  81|0x0000000087900000, 0x0000000087a00000, 0x0000000087a00000|100%| E|CS|TAMS 0x0000000087900000| PB 0x0000000087900000| Complete |  0
|  82|0x0000000087a00000, 0x0000000087b00000, 0x0000000087b00000|100%| E|CS|TAMS 0x0000000087a00000| PB 0x0000000087a00000| Complete |  0
|  83|0x0000000087b00000, 0x0000000087c00000, 0x0000000087c00000|100%| E|CS|TAMS 0x0000000087b00000| PB 0x0000000087b00000| Complete |  0
|  84|0x0000000087c00000, 0x0000000087d00000, 0x0000000087d00000|100%| E|CS|TAMS 0x0000000087c00000| PB 0x0000000087c00000| Complete |  0
|  85|0x0000000087d00000, 0x0000000087e00000, 0x0000000087e00000|100%| E|CS|TAMS 0x0000000087d00000| PB 0x0000000087d00000| Complete |  0
|  86|0x0000000087e00000, 0x0000000087f00000, 0x0000000087f00000|100%| E|CS|TAMS 0x0000000087e00000| PB 0x0000000087e00000| Complete |  0
|  87|0x0000000087f00000, 0x0000000088000000, 0x0000000088000000|100%| E|CS|TAMS 0x0000000087f00000| PB 0x0000000087f00000| Complete |  0
|  88|0x0000000088000000, 0x0000000088100000, 0x0000000088100000|100%| E|CS|TAMS 0x0000000088000000| PB 0x0000000088000000| Complete |  0
|  89|0x0000000088100000, 0x0000000088200000, 0x0000000088200000|100%| E|CS|TAMS 0x0000000088100000| PB 0x0000000088100000| Complete |  0
|  90|0x0000000088200000, 0x0000000088300000, 0x0000000088300000|100%| E|CS|TAMS 0x0000000088200000| PB 0x0000000088200000| Complete |  0
|  91|0x0000000088300000, 0x0000000088400000, 0x0000000088400000|100%| E|CS|TAMS 0x0000000088300000| PB 0x0000000088300000| Complete |  0
|  92|0x0000000088400000, 0x0000000088500000, 0x0000000088500000|100%| E|CS|TAMS 0x0000000088400000| PB 0x0000000088400000| Complete |  0
|  93|0x0000000088500000, 0x0000000088600000, 0x0000000088600000|100%| E|CS|TAMS 0x0000000088500000| PB 0x0000000088500000| Complete |  0
|  94|0x0000000088600000, 0x0000000088700000, 0x0000000088700000|100%| E|CS|TAMS 0x0000000088600000| PB 0x0000000088600000| Complete |  0
|  95|0x0000000088700000, 0x0000000088800000, 0x0000000088800000|100%| E|CS|TAMS 0x0000000088700000| PB 0x0000000088700000| Complete |  0
| 102|0x0000000088e00000, 0x0000000088f00000, 0x0000000088f00000|100%| E|CS|TAMS 0x0000000088e00000| PB 0x0000000088e00000| Complete |  0
| 103|0x0000000088f00000, 0x0000000089000000, 0x0000000089000000|100%| E|CS|TAMS 0x0000000088f00000| PB 0x0000000088f00000| Complete |  0
| 104|0x0000000089000000, 0x0000000089100000, 0x0000000089100000|100%| E|CS|TAMS 0x0000000089000000| PB 0x0000000089000000| Complete |  0
| 105|0x0000000089100000, 0x0000000089200000, 0x0000000089200000|100%| E|CS|TAMS 0x0000000089100000| PB 0x0000000089100000| Complete |  0
| 106|0x0000000089200000, 0x0000000089300000, 0x0000000089300000|100%| E|CS|TAMS 0x0000000089200000| PB 0x0000000089200000| Complete |  0
| 125|0x000000008a500000, 0x000000008a600000, 0x000000008a600000|100%| E|CS|TAMS 0x000000008a500000| PB 0x000000008a500000| Complete |  0
|2005|0x00000000ffd00000, 0x00000000ffe00000, 0x00000000ffe00000|100%| O|  |TAMS 0x00000000ffd00000| PB 0x00000000ffd00000| Untracked |  0
|2006|0x00000000ffe00000, 0x00000000fff00000, 0x00000000fff00000|100%| O|  |TAMS 0x00000000ffe00000| PB 0x00000000ffe00000| Untracked |  0
|2007|0x00000000fff00000, 0x0000000100000000, 0x0000000100000000|100%| O|Cm|TAMS 0x00000000fff00000| PB 0x00000000fff00000| Complete |  0

Card table byte_map: [0x0000023b6fe20000,0x0000023b70210000] _byte_map_base: 0x0000023b6fa0c000

Marking Bits: (CMBitMap*) 0x0000023b57f39db0
 Bits: [0x0000023b70210000, 0x0000023b72170000)

Polling page: 0x0000023b55d10000

Metaspace:

Usage:
  Non-class:     77.09 MB used.
      Class:     12.49 MB used.
       Both:     89.58 MB used.

Virtual space:
  Non-class space:      128.00 MB reserved,      77.62 MB ( 61%) committed,  2 nodes.
      Class space:        1.00 GB reserved,      12.88 MB (  1%) committed,  1 nodes.
             Both:        1.12 GB reserved,      90.50 MB (  8%) committed. 

Chunk freelists:
   Non-Class:  2.34 MB
       Class:  3.10 MB
        Both:  5.44 MB

MaxMetaspaceSize: unlimited
CompressedClassSpaceSize: 1.00 GB
Initial GC threshold: 21.00 MB
Current GC threshold: 149.81 MB
CDS: on
 - commit_granule_bytes: 65536.
 - commit_granule_words: 8192.
 - virtual_space_node_default_size: 8388608.
 - enlarge_chunks_in_place: 1.
 - use_allocation_guard: 0.


Internal statistics:

num_allocs_failed_limit: 9.
num_arena_births: 1344.
num_arena_deaths: 0.
num_vsnodes_births: 3.
num_vsnodes_deaths: 0.
num_space_committed: 1448.
num_space_uncommitted: 0.
num_chunks_returned_to_freelist: 9.
num_chunks_taken_from_freelist: 4543.
num_chunk_merges: 3.
num_chunk_splits: 3232.
num_chunks_enlarged: 2509.
num_inconsistent_stats: 0.

CodeHeap 'non-profiled nmethods': size=120064Kb used=4172Kb max_used=4315Kb free=115891Kb
 bounds [0x0000023b680b0000, 0x0000023b684f0000, 0x0000023b6f5f0000]
CodeHeap 'profiled nmethods': size=120000Kb used=12373Kb max_used=12373Kb free=107626Kb
 bounds [0x0000023b605f0000, 0x0000023b61210000, 0x0000023b67b20000]
CodeHeap 'non-nmethods': size=5696Kb used=1773Kb max_used=1858Kb free=3922Kb
 bounds [0x0000023b67b20000, 0x0000023b67d90000, 0x0000023b680b0000]
CodeCache: size=245760Kb, used=18318Kb, max_used=18546Kb, free=227439Kb
 total_blobs=8537, nmethods=7733, adapters=709, full_count=0
Compilation: enabled, stopped_count=0, restarted_count=0

Compilation events (20 events):
Event: 1613.157 Thread 0x0000023b45030c00 nmethod 8765 0x0000023b61200a88 code [0x0000023b61200ba0, 0x0000023b61200d88]
Event: 1613.170 Thread 0x0000023b45030c00 8766       3       java.lang.Math::multiplyExact (27 bytes)
Event: 1613.172 Thread 0x0000023b45030c00 nmethod 8766 0x0000023b61200e08 code [0x0000023b61200f40, 0x0000023b61201138]
Event: 1613.234 Thread 0x0000023b45030c00 8767       1       sun.security.ssl.CertificateMessage$T13CertificateProducer::lambda$choosePossession$0 (5 bytes)
Event: 1613.237 Thread 0x0000023b45030c00 nmethod 8767 0x0000023b6811f608 code [0x0000023b6811f720, 0x0000023b6811f7d0]
Event: 1613.240 Thread 0x0000023b45030c00 8769       3       java.lang.String::getBytes (16 bytes)
Event: 1613.246 Thread 0x0000023b45030c00 nmethod 8769 0x0000023b61201188 code [0x0000023b61201340, 0x0000023b612019d0]
Event: 1613.510 Thread 0x0000023b45030c00 8770       3       java.util.concurrent.ConcurrentLinkedQueue::<init> (21 bytes)
Event: 1613.531 Thread 0x0000023b45030c00 nmethod 8770 0x0000023b61201a08 code [0x0000023b61201b40, 0x0000023b61201f40]
Event: 1613.531 Thread 0x0000023b45030c00 8771       3       java.util.concurrent.ConcurrentLinkedQueue$Node::<init> (5 bytes)
Event: 1613.532 Thread 0x0000023b45030c00 nmethod 8771 0x0000023b61201f88 code [0x0000023b612020a0, 0x0000023b61202208]
Event: 1613.737 Thread 0x0000023b45030c00 8772       3       com.mysql.cj.telemetry.TelemetryScope::close (1 bytes)
Event: 1613.737 Thread 0x0000023b45030c00 nmethod 8772 0x0000023b61202288 code [0x0000023b612023a0, 0x0000023b612024a8]
Event: 1613.737 Thread 0x0000023b45030c00 8773       3       com.mysql.cj.telemetry.TelemetrySpan::end (1 bytes)
Event: 1613.738 Thread 0x0000023b45030c00 nmethod 8773 0x0000023b61202588 code [0x0000023b612026a0, 0x0000023b612027a8]
Event: 1613.738 Thread 0x0000023b45030c00 8774       3       com.mysql.cj.protocol.a.SimplePacketReader::resetMessageSequence (6 bytes)
Event: 1613.739 Thread 0x0000023b45030c00 nmethod 8774 0x0000023b61202888 code [0x0000023b612029a0, 0x0000023b61202ab0]
Event: 1614.196 Thread 0x0000023b45030c00 8776       3       com.sun.crypto.provider.GaloisCounterMode$GCMEncrypt::<init> (36 bytes)
Event: 1614.349 Thread 0x0000023b45030c00 nmethod 8776 0x0000023b61202b88 code [0x0000023b61202cc0, 0x0000023b612030a0]
Event: 1614.865 Thread 0x0000023b45030c00 8777       3       javax.crypto.Cipher::updateAAD (55 bytes)

GC Heap History (20 events):
Event: 4.874 GC heap before
{Heap before GC invocations=7 (full 0):
 garbage-first heap   total reserved 2056192K, committed 86016K, used 49525K [0x0000000082800000, 0x0000000100000000)
  region size 1024K, 26 young (26624K), 6 survivors (6144K)
 Metaspace       used 35694K, committed 36096K, reserved 1114112K
  class space    used 4532K, committed 4736K, reserved 1048576K
}
Event: 4.879 GC heap after
{Heap after GC invocations=8 (full 0):
 garbage-first heap   total reserved 2056192K, committed 86016K, used 31438K [0x0000000082800000, 0x0000000100000000)
  region size 1024K, 5 young (5120K), 5 survivors (5120K)
 Metaspace       used 35694K, committed 36096K, reserved 1114112K
  class space    used 4532K, committed 4736K, reserved 1048576K
}
Event: 5.785 GC heap before
{Heap before GC invocations=9 (full 0):
 garbage-first heap   total reserved 2056192K, committed 86016K, used 68302K [0x0000000082800000, 0x0000000100000000)
  region size 1024K, 42 young (43008K), 5 survivors (5120K)
 Metaspace       used 40071K, committed 40576K, reserved 1114112K
  class space    used 5245K, committed 5440K, reserved 1048576K
}
Event: 5.792 GC heap after
{Heap after GC invocations=10 (full 0):
 garbage-first heap   total reserved 2056192K, committed 86016K, used 33385K [0x0000000082800000, 0x0000000100000000)
  region size 1024K, 5 young (5120K), 5 survivors (5120K)
 Metaspace       used 40071K, committed 40576K, reserved 1114112K
  class space    used 5245K, committed 5440K, reserved 1048576K
}
Event: 6.255 GC heap before
{Heap before GC invocations=10 (full 0):
 garbage-first heap   total reserved 2056192K, committed 86016K, used 75369K [0x0000000082800000, 0x0000000100000000)
  region size 1024K, 42 young (43008K), 5 survivors (5120K)
 Metaspace       used 43411K, committed 43968K, reserved 1114112K
  class space    used 5722K, committed 5952K, reserved 1048576K
}
Event: 6.265 GC heap after
{Heap after GC invocations=11 (full 0):
 garbage-first heap   total reserved 2056192K, committed 89088K, used 42403K [0x0000000082800000, 0x0000000100000000)
  region size 1024K, 6 young (6144K), 6 survivors (6144K)
 Metaspace       used 43411K, committed 43968K, reserved 1114112K
  class space    used 5722K, committed 5952K, reserved 1048576K
}
Event: 6.853 GC heap before
{Heap before GC invocations=11 (full 0):
 garbage-first heap   total reserved 2056192K, committed 89088K, used 74147K [0x0000000082800000, 0x0000000100000000)
  region size 1024K, 37 young (37888K), 6 survivors (6144K)
 Metaspace       used 47889K, committed 48576K, reserved 1114112K
  class space    used 6298K, committed 6592K, reserved 1048576K
}
Event: 6.859 GC heap after
{Heap after GC invocations=12 (full 0):
 garbage-first heap   total reserved 2056192K, committed 89088K, used 44275K [0x0000000082800000, 0x0000000100000000)
  region size 1024K, 4 young (4096K), 4 survivors (4096K)
 Metaspace       used 47889K, committed 48576K, reserved 1114112K
  class space    used 6298K, committed 6592K, reserved 1048576K
}
Event: 7.826 GC heap before
{Heap before GC invocations=12 (full 0):
 garbage-first heap   total reserved 2056192K, committed 89088K, used 76019K [0x0000000082800000, 0x0000000100000000)
  region size 1024K, 35 young (35840K), 4 survivors (4096K)
 Metaspace       used 54147K, committed 54848K, reserved 1114112K
  class space    used 7441K, committed 7744K, reserved 1048576K
}
Event: 7.832 GC heap after
{Heap after GC invocations=13 (full 0):
 garbage-first heap   total reserved 2056192K, committed 107520K, used 47352K [0x0000000082800000, 0x0000000100000000)
  region size 1024K, 3 young (3072K), 3 survivors (3072K)
 Metaspace       used 54147K, committed 54848K, reserved 1114112K
  class space    used 7441K, committed 7744K, reserved 1048576K
}
Event: 12.425 GC heap before
{Heap before GC invocations=14 (full 0):
 garbage-first heap   total reserved 2056192K, committed 107520K, used 90360K [0x0000000082800000, 0x0000000100000000)
  region size 1024K, 46 young (47104K), 3 survivors (3072K)
 Metaspace       used 66481K, committed 67136K, reserved 1114112K
  class space    used 9149K, committed 9408K, reserved 1048576K
}
Event: 12.431 GC heap after
{Heap after GC invocations=15 (full 0):
 garbage-first heap   total reserved 2056192K, committed 107520K, used 49630K [0x0000000082800000, 0x0000000100000000)
  region size 1024K, 6 young (6144K), 6 survivors (6144K)
 Metaspace       used 66481K, committed 67136K, reserved 1114112K
  class space    used 9149K, committed 9408K, reserved 1048576K
}
Event: 15.510 GC heap before
{Heap before GC invocations=15 (full 0):
 garbage-first heap   total reserved 2056192K, committed 107520K, used 93662K [0x0000000082800000, 0x0000000100000000)
  region size 1024K, 49 young (50176K), 6 survivors (6144K)
 Metaspace       used 79157K, committed 79936K, reserved 1179648K
  class space    used 11041K, committed 11392K, reserved 1048576K
}
Event: 15.515 GC heap after
{Heap after GC invocations=16 (full 0):
 garbage-first heap   total reserved 2056192K, committed 107520K, used 50697K [0x0000000082800000, 0x0000000100000000)
  region size 1024K, 6 young (6144K), 6 survivors (6144K)
 Metaspace       used 79157K, committed 79936K, reserved 1179648K
  class space    used 11041K, committed 11392K, reserved 1048576K
}
Event: 16.562 GC heap before
{Heap before GC invocations=16 (full 0):
 garbage-first heap   total reserved 2056192K, committed 107520K, used 94729K [0x0000000082800000, 0x0000000100000000)
  region size 1024K, 49 young (50176K), 6 survivors (6144K)
 Metaspace       used 85912K, committed 86720K, reserved 1179648K
  class space    used 11964K, committed 12288K, reserved 1048576K
}
Event: 16.571 GC heap after
{Heap after GC invocations=17 (full 0):
 garbage-first heap   total reserved 2056192K, committed 107520K, used 55532K [0x0000000082800000, 0x0000000100000000)
  region size 1024K, 7 young (7168K), 7 survivors (7168K)
 Metaspace       used 85912K, committed 86720K, reserved 1179648K
  class space    used 11964K, committed 12288K, reserved 1048576K
}
Event: 19.517 GC heap before
{Heap before GC invocations=17 (full 0):
 garbage-first heap   total reserved 2056192K, committed 107520K, used 89324K [0x0000000082800000, 0x0000000100000000)
  region size 1024K, 41 young (41984K), 7 survivors (7168K)
 Metaspace       used 90923K, committed 91776K, reserved 1179648K
  class space    used 12719K, committed 13056K, reserved 1048576K
}
Event: 19.525 GC heap after
{Heap after GC invocations=18 (full 0):
 garbage-first heap   total reserved 2056192K, committed 107520K, used 59092K [0x0000000082800000, 0x0000000100000000)
  region size 1024K, 4 young (4096K), 4 survivors (4096K)
 Metaspace       used 90923K, committed 91776K, reserved 1179648K
  class space    used 12719K, committed 13056K, reserved 1048576K
}
Event: 873.078 GC heap before
{Heap before GC invocations=19 (full 0):
 garbage-first heap   total reserved 2056192K, committed 107520K, used 95956K [0x0000000082800000, 0x0000000100000000)
  region size 1024K, 40 young (40960K), 4 survivors (4096K)
 Metaspace       used 91594K, committed 92544K, reserved 1179648K
  class space    used 12784K, committed 13184K, reserved 1048576K
}
Event: 873.175 GC heap after
{Heap after GC invocations=20 (full 0):
 garbage-first heap   total reserved 2056192K, committed 107520K, used 59865K [0x0000000082800000, 0x0000000100000000)
  region size 1024K, 1 young (1024K), 1 survivors (1024K)
 Metaspace       used 91594K, committed 92544K, reserved 1179648K
  class space    used 12784K, committed 13184K, reserved 1048576K
}

Dll operation events (12 events):
Event: 0.020 Loaded shared library C:\Users\varshith reddy\.jdks\openjdk-23.0.2\bin\java.dll
Event: 0.060 Loaded shared library C:\Users\varshith reddy\.jdks\openjdk-23.0.2\bin\jsvml.dll
Event: 0.310 Loaded shared library C:\Users\varshith reddy\.jdks\openjdk-23.0.2\bin\zip.dll
Event: 0.316 Loaded shared library C:\Users\varshith reddy\.jdks\openjdk-23.0.2\bin\instrument.dll
Event: 0.323 Loaded shared library C:\Users\varshith reddy\.jdks\openjdk-23.0.2\bin\net.dll
Event: 0.326 Loaded shared library C:\Users\varshith reddy\.jdks\openjdk-23.0.2\bin\nio.dll
Event: 0.330 Loaded shared library C:\Users\varshith reddy\.jdks\openjdk-23.0.2\bin\zip.dll
Event: 0.606 Loaded shared library C:\Users\varshith reddy\.jdks\openjdk-23.0.2\bin\extnet.dll
Event: 0.674 Loaded shared library C:\Users\varshith reddy\.jdks\openjdk-23.0.2\bin\jimage.dll
Event: 1.546 Loaded shared library C:\Users\varshith reddy\.jdks\openjdk-23.0.2\bin\management.dll
Event: 1.549 Loaded shared library C:\Users\varshith reddy\.jdks\openjdk-23.0.2\bin\management_ext.dll
Event: 2.983 Loaded shared library C:\Users\varshith reddy\.jdks\openjdk-23.0.2\bin\sunmscapi.dll

Deoptimization events (20 events):
Event: 22.459 Thread 0x0000023b465f4bf0 DEOPT PACKING pc=0x0000023b682fdc80 sp=0x000000a1ac3fddf0
Event: 22.459 Thread 0x0000023b465f4bf0 DEOPT UNPACKING pc=0x0000023b67b74402 sp=0x000000a1ac3fddc0 mode 2
Event: 29.111 Thread 0x0000023b465f4bf0 DEOPT PACKING pc=0x0000023b60f91c3c sp=0x000000a1ac3fde80
Event: 29.111 Thread 0x0000023b465f4bf0 DEOPT UNPACKING pc=0x0000023b67b74b22 sp=0x000000a1ac3fd370 mode 0
Event: 873.213 Thread 0x0000023b4586f270 Uncommon trap: trap_request=0xffffffc6 fr.pc=0x0000023b68334e5c relative=0x0000000000000cbc
Event: 873.214 Thread 0x0000023b4586f270 Uncommon trap: reason=bimorphic_or_optimized_type_check action=maybe_recompile pc=0x0000023b68334e5c method=java.util.AbstractCollection.containsAll(Ljava/util/Collection;)Z @ 1 c2
Event: 873.215 Thread 0x0000023b4586f270 DEOPT PACKING pc=0x0000023b68334e5c sp=0x000000a1ab3feec0
Event: 873.216 Thread 0x0000023b4586f270 DEOPT UNPACKING pc=0x0000023b67b74402 sp=0x000000a1ab3fee80 mode 2
Event: 873.217 Thread 0x0000023b4586f270 Uncommon trap: trap_request=0xffffffc6 fr.pc=0x0000023b68334e5c relative=0x0000000000000cbc
Event: 873.217 Thread 0x0000023b4586f270 Uncommon trap: reason=bimorphic_or_optimized_type_check action=maybe_recompile pc=0x0000023b68334e5c method=java.util.AbstractCollection.containsAll(Ljava/util/Collection;)Z @ 1 c2
Event: 873.217 Thread 0x0000023b4586f270 DEOPT PACKING pc=0x0000023b68334e5c sp=0x000000a1ab3ff020
Event: 873.218 Thread 0x0000023b4586f270 DEOPT UNPACKING pc=0x0000023b67b74402 sp=0x000000a1ab3fefe0 mode 2
Event: 873.221 Thread 0x0000023b4586f270 Uncommon trap: trap_request=0xffffffc6 fr.pc=0x0000023b68334e5c relative=0x0000000000000cbc
Event: 873.221 Thread 0x0000023b4586f270 Uncommon trap: reason=bimorphic_or_optimized_type_check action=maybe_recompile pc=0x0000023b68334e5c method=java.util.AbstractCollection.containsAll(Ljava/util/Collection;)Z @ 1 c2
Event: 873.221 Thread 0x0000023b4586f270 DEOPT PACKING pc=0x0000023b68334e5c sp=0x000000a1ab3feec0
Event: 873.221 Thread 0x0000023b4586f270 DEOPT UNPACKING pc=0x0000023b67b74402 sp=0x000000a1ab3fee80 mode 2
Event: 873.221 Thread 0x0000023b4586f270 Uncommon trap: trap_request=0xffffffc6 fr.pc=0x0000023b68334e5c relative=0x0000000000000cbc
Event: 873.221 Thread 0x0000023b4586f270 Uncommon trap: reason=bimorphic_or_optimized_type_check action=maybe_recompile pc=0x0000023b68334e5c method=java.util.AbstractCollection.containsAll(Ljava/util/Collection;)Z @ 1 c2
Event: 873.221 Thread 0x0000023b4586f270 DEOPT PACKING pc=0x0000023b68334e5c sp=0x000000a1ab3ff020
Event: 873.221 Thread 0x0000023b4586f270 DEOPT UNPACKING pc=0x0000023b67b74402 sp=0x000000a1ab3fefe0 mode 2

Classes loaded (20 events):
Event: 19.851 Loading class com/sun/beans/util/Cache done
Event: 19.851 Loading class com/sun/beans/introspect/ClassInfo$1 done
Event: 19.851 Loading class com/sun/beans/util/Cache$Kind
Event: 19.861 Loading class com/sun/beans/util/Cache$Kind done
Event: 19.861 Loading class com/sun/beans/util/Cache$Kind$1
Event: 19.865 Loading class com/sun/beans/util/Cache$Kind$1 done
Event: 19.865 Loading class com/sun/beans/util/Cache$Kind$2
Event: 19.875 Loading class com/sun/beans/util/Cache$Kind$2 done
Event: 19.875 Loading class com/sun/beans/util/Cache$Kind$3
Event: 19.875 Loading class com/sun/beans/util/Cache$Kind$3 done
Event: 19.875 Loading class com/sun/beans/util/Cache$CacheEntry
Event: 19.879 Loading class com/sun/beans/util/Cache$CacheEntry done
Event: 1406.460 Loading class sun/security/ssl/Alert
Event: 1406.531 Loading class sun/security/ssl/Alert done
Event: 1406.551 Loading class sun/security/ssl/Alert$AlertConsumer
Event: 1406.572 Loading class sun/security/ssl/Alert$AlertConsumer done
Event: 1406.572 Loading class sun/security/ssl/Alert$Level
Event: 1406.575 Loading class sun/security/ssl/Alert$Level done
Event: 1554.189 Loading class sun/net/ConnectionResetException
Event: 1554.209 Loading class sun/net/ConnectionResetException done

Classes unloaded (0 events):
No events

Classes redefined (0 events):
No events

Internal exceptions (20 events):
Event: 17.047 Thread 0x0000023b463fdff0 Exception <a 'java/lang/IncompatibleClassChangeError'{0x0000000087c4b5a0}: Found class java.lang.Object, but interface was expected> (0x0000000087c4b5a0) 
thrown [s\open\src\hotspot\share\interpreter\linkResolver.cpp, line 863]
Event: 17.058 Thread 0x0000023b463fdff0 Exception <a 'java/lang/NoSuchMethodError'{0x0000000087c82da0}: 'double java.lang.invoke.DirectMethodHandle$Holder.invokeStatic(java.lang.Object, java.lang.Object)'> (0x0000000087c82da0) 
thrown [s\open\src\hotspot\share\interpreter\linkResolver.cpp, line 796]
Event: 17.088 Thread 0x0000023b463fdff0 Exception <a 'java/lang/NoSuchMethodError'{0x0000000087bbf008}: 'void java.lang.invoke.Invokers$Holder.invokeExact_MT(java.lang.Object, java.lang.Object, int, java.lang.Object)'> (0x0000000087bbf008) 
thrown [s\open\src\hotspot\share\interpreter\linkResolver.cpp, line 796]
Event: 17.129 Thread 0x0000023b465f1e00 Exception <a 'java/net/UnknownHostException'{0x0000000087a001b8}> (0x0000000087a001b8) 
thrown [s\open\src\hotspot\share\prims\jni.cpp, line 520]
Event: 17.150 Thread 0x0000023b463fdff0 Exception <a 'java/lang/NoSuchMethodError'{0x000000008790d570}: 'java.lang.Object java.lang.invoke.DelegatingMethodHandle$Holder.reinvoke_L(java.lang.Object, int, java.lang.Object, int, java.lang.Object, int, java.lang.Object, int, int)'> (0x000000008790d570) 
thrown [s\open\src\hotspot\share\interpreter\linkResolver.cpp, line 796]
Event: 17.153 Thread 0x0000023b463fdff0 Exception <a 'java/lang/NoSuchMethodError'{0x000000008792d618}: 'long java.lang.invoke.DirectMethodHandle$Holder.invokeStatic(java.lang.Object, java.lang.Object, int)'> (0x000000008792d618) 
thrown [s\open\src\hotspot\share\interpreter\linkResolver.cpp, line 796]
Event: 17.154 Thread 0x0000023b463fdff0 Exception <a 'java/lang/NoSuchMethodError'{0x0000000087938928}: 'java.lang.Object java.lang.invoke.DelegatingMethodHandle$Holder.reinvoke_L(java.lang.Object, int, int, java.lang.Object, int, long, int, java.lang.Object, java.lang.Object, java.lang.Object, java.lang.Object, java.lang.Object, int, int, int, java.lang.Object)'> (0x0000000087938928) 
thrown [s\open\src\hotspot\share\interpreter\linkResolver.cpp, line 796]
Event: 17.158 Thread 0x0000023b463fdff0 Exception <a 'java/lang/NoSuchMethodError'{0x0000000087976c18}: 'int java.lang.invoke.DelegatingMethodHandle$Holder.reinvoke_L(java.lang.Object, long)'> (0x0000000087976c18) 
thrown [s\open\src\hotspot\share\interpreter\linkResolver.cpp, line 796]
Event: 17.788 Thread 0x0000023b463fdff0 Exception <a 'java/lang/NoClassDefFoundError'{0x00000000873a77e8}: org/springframework/data/util/TypeInformation> (0x00000000873a77e8) 
thrown [s\open\src\hotspot\share\classfile\systemDictionary.cpp, line 302]
Event: 17.857 Thread 0x0000023b463fdff0 Exception <a 'java/lang/NoSuchMethodError'{0x0000000087152be0}: 'double java.lang.invoke.DirectMethodHandle$Holder.invokeStatic(java.lang.Object, java.lang.Object, java.lang.Object)'> (0x0000000087152be0) 
thrown [s\open\src\hotspot\share\interpreter\linkResolver.cpp, line 796]
Event: 17.857 Thread 0x0000023b463fdff0 Exception <a 'java/lang/IncompatibleClassChangeError'{0x0000000087158520}: Found class java.lang.Object, but interface was expected> (0x0000000087158520) 
thrown [s\open\src\hotspot\share\interpreter\linkResolver.cpp, line 863]
Event: 17.901 Thread 0x0000023b463fdff0 Exception <a 'java/lang/NoSuchMethodError'{0x0000000087167450}: 'void java.lang.invoke.DirectMethodHandle$Holder.invokeStatic(java.lang.Object, java.lang.Object, double)'> (0x0000000087167450) 
thrown [s\open\src\hotspot\share\interpreter\linkResolver.cpp, line 796]
Event: 18.087 Thread 0x0000023b463fdff0 Exception <a 'java/lang/NoSuchMethodError'{0x000000008702b168}: 'java.lang.Object java.lang.invoke.DirectMethodHandle$Holder.invokeStaticInit(java.lang.Object, int)'> (0x000000008702b168) 
thrown [s\open\src\hotspot\share\interpreter\linkResolver.cpp, line 796]
Event: 18.091 Thread 0x0000023b463fdff0 Exception <a 'java/lang/NoSuchMethodError'{0x000000008704d280}: 'java.lang.Object java.lang.invoke.DirectMethodHandle$Holder.newInvokeSpecial(java.lang.Object, java.lang.Object, int, java.lang.Object, java.lang.Object)'> (0x000000008704d280) 
thrown [s\open\src\hotspot\share\interpreter\linkResolver.cpp, line 796]
Event: 18.208 Thread 0x0000023b463fdff0 Implicit null exception at 0x0000023b68442dd5 to 0x0000023b6844303c
Event: 18.208 Thread 0x0000023b463fdff0 Implicit null exception at 0x0000023b68122ad5 to 0x0000023b68122d2c
Event: 18.208 Thread 0x0000023b463fdff0 Implicit null exception at 0x0000023b681f3855 to 0x0000023b681f3ad8
Event: 18.441 Thread 0x0000023b463fdff0 Exception <a 'java/lang/IncompatibleClassChangeError'{0x0000000086e7bb30}: Found class java.lang.Object, but interface was expected> (0x0000000086e7bb30) 
thrown [s\open\src\hotspot\share\interpreter\linkResolver.cpp, line 863]
Event: 19.686 Thread 0x0000023b4586f270 Exception <a 'java/lang/NoSuchMethodError'{0x000000008a516df0}: 'long java.lang.invoke.DirectMethodHandle$Holder.invokeStatic(java.lang.Object, java.lang.Object, java.lang.Object)'> (0x000000008a516df0) 
thrown [s\open\src\hotspot\share\interpreter\linkResolver.cpp, line 796]
Event: 1554.185 Thread 0x0000023b49f625b0 Exception <a 'java/io/IOException'{0x0000000087402a00}> (0x0000000087402a00) 
thrown [s\open\src\hotspot\share\prims\jni.cpp, line 520]

VM Operations (20 events):
Event: 16.530 Executing VM operation: HandshakeAllThreads (Deoptimize)
Event: 16.530 Executing VM operation: HandshakeAllThreads (Deoptimize) done
Event: 16.562 Executing VM operation: G1CollectForAllocation (G1 Evacuation Pause)
Event: 16.571 Executing VM operation: G1CollectForAllocation (G1 Evacuation Pause) done
Event: 17.078 Executing VM operation: HandshakeAllThreads (Deoptimize)
Event: 17.078 Executing VM operation: HandshakeAllThreads (Deoptimize) done
Event: 18.083 Executing VM operation: HandshakeAllThreads (Deoptimize)
Event: 18.083 Executing VM operation: HandshakeAllThreads (Deoptimize) done
Event: 19.517 Executing VM operation: CollectForMetadataAllocation (Metadata GC Threshold)
Event: 19.525 Executing VM operation: CollectForMetadataAllocation (Metadata GC Threshold) done
Event: 19.561 Executing VM operation: G1PauseRemark
Event: 19.579 Executing VM operation: G1PauseRemark done
Event: 19.596 Executing VM operation: G1PauseCleanup
Event: 19.606 Executing VM operation: G1PauseCleanup done
Event: 60.243 Executing VM operation: HandshakeAllThreads (HandshakeForDeflation)
Event: 60.243 Executing VM operation: HandshakeAllThreads (HandshakeForDeflation) done
Event: 60.243 Executing VM operation: RendezvousGCThreads
Event: 60.243 Executing VM operation: RendezvousGCThreads done
Event: 873.071 Executing VM operation: G1CollectForAllocation (G1 Evacuation Pause)
Event: 873.176 Executing VM operation: G1CollectForAllocation (G1 Evacuation Pause) done

Memory protections (0 events):
No events

Nmethod flushes (20 events):
Event: 19.578 Thread 0x0000023b74c311a0 flushing  nmethod 0x0000023b60a08088
Event: 19.578 Thread 0x0000023b74c311a0 flushing  nmethod 0x0000023b60b0da08
Event: 19.578 Thread 0x0000023b74c311a0 flushing  nmethod 0x0000023b60b49188
Event: 19.578 Thread 0x0000023b74c311a0 flushing  nmethod 0x0000023b60ba4788
Event: 19.578 Thread 0x0000023b74c311a0 flushing  nmethod 0x0000023b60c2dc88
Event: 19.578 Thread 0x0000023b74c311a0 flushing  nmethod 0x0000023b60c8d008
Event: 19.578 Thread 0x0000023b74c311a0 flushing  nmethod 0x0000023b60c8d688
Event: 19.578 Thread 0x0000023b74c311a0 flushing  nmethod 0x0000023b60c93088
Event: 19.578 Thread 0x0000023b74c311a0 flushing  nmethod 0x0000023b60cc4088
Event: 19.578 Thread 0x0000023b74c311a0 flushing  nmethod 0x0000023b60d87408
Event: 19.578 Thread 0x0000023b74c311a0 flushing  nmethod 0x0000023b60d88a08
Event: 19.578 Thread 0x0000023b74c311a0 flushing  nmethod 0x0000023b60d88d88
Event: 19.578 Thread 0x0000023b74c311a0 flushing  nmethod 0x0000023b60d91d08
Event: 19.578 Thread 0x0000023b74c311a0 flushing  nmethod 0x0000023b60e1ba88
Event: 19.578 Thread 0x0000023b74c311a0 flushing  nmethod 0x0000023b60e1c208
Event: 19.578 Thread 0x0000023b74c311a0 flushing  nmethod 0x0000023b60e1ec08
Event: 19.578 Thread 0x0000023b74c311a0 flushing  nmethod 0x0000023b60e1f088
Event: 19.578 Thread 0x0000023b74c311a0 flushing  nmethod 0x0000023b60e1fa88
Event: 19.578 Thread 0x0000023b74c311a0 flushing  nmethod 0x0000023b60e20088
Event: 19.578 Thread 0x0000023b74c311a0 flushing  nmethod 0x0000023b60e63f08

Events (20 events):
Event: 19.880 Thread 0x0000023b463fce80 Thread exited: 0x0000023b463fce80
Event: 19.880 Thread 0x0000023b57ee2bb0 Thread exited: 0x0000023b57ee2bb0
Event: 19.880 Thread 0x0000023b49f65a30 Thread added: 0x0000023b49f65a30
Event: 20.097 Thread 0x0000023b4a14e320 Thread exited: 0x0000023b4a14e320
Event: 35.611 Thread 0x0000023b465f4bf0 Thread exited: 0x0000023b465f4bf0
Event: 78.237 Thread 0x0000023b465f1e00 Thread exited: 0x0000023b465f1e00
Event: 1406.405 Thread 0x0000023b465f4560 Thread added: 0x0000023b49f653a0
Event: 1406.672 Thread 0x0000023b49f653a0 Thread added: 0x0000023b49f62c40
Event: 1411.677 Thread 0x0000023b49f653a0 Thread exited: 0x0000023b49f653a0
Event: 1413.934 Thread 0x0000023b49f62c40 Thread exited: 0x0000023b49f62c40
Event: 1460.578 Thread 0x0000023b465f4560 Thread added: 0x0000023b49f653a0
Event: 1460.891 Thread 0x0000023b49f653a0 Thread added: 0x0000023b49f625b0
Event: 1465.906 Thread 0x0000023b49f653a0 Thread exited: 0x0000023b49f653a0
Event: 1468.397 Thread 0x0000023b49f625b0 Thread exited: 0x0000023b49f625b0
Event: 1549.312 Thread 0x0000023b465f4560 Thread added: 0x0000023b49f625b0
Event: 1549.570 Thread 0x0000023b49f625b0 Thread added: 0x0000023b49f63960
Event: 1559.252 Thread 0x0000023b49f625b0 Thread exited: 0x0000023b49f625b0
Event: 1561.274 Thread 0x0000023b49f63960 Thread exited: 0x0000023b49f63960
Event: 1611.329 Thread 0x0000023b465f4560 Thread added: 0x0000023b49f625b0
Event: 1611.621 Thread 0x0000023b49f625b0 Thread added: 0x0000023b49f653a0


Dynamic libraries:
0x00007ff75e6a0000 - 0x00007ff75e6ae000 	C:\Users\varshith reddy\.jdks\openjdk-23.0.2\bin\java.exe
0x00007ffb6a8a0000 - 0x00007ffb6ab07000 	C:\WINDOWS\SYSTEM32\ntdll.dll
0x00007ffb6a010000 - 0x00007ffb6a0d9000 	C:\WINDOWS\System32\KERNEL32.DLL
0x00007ffb676f0000 - 0x00007ffb67ae7000 	C:\WINDOWS\System32\KERNELBASE.dll
0x00007ffb68420000 - 0x00007ffb6856b000 	C:\WINDOWS\System32\ucrtbase.dll
0x00007ffb20570000 - 0x00007ffb20587000 	C:\Users\varshith reddy\.jdks\openjdk-23.0.2\bin\jli.dll
0x00007ffb1d600000 - 0x00007ffb1d61b000 	C:\Users\varshith reddy\.jdks\openjdk-23.0.2\bin\VCRUNTIME140.dll
0x00007ffb687e0000 - 0x00007ffb689a6000 	C:\WINDOWS\System32\USER32.dll
0x00007ffb51fb0000 - 0x00007ffb52242000 	C:\WINDOWS\WinSxS\amd64_microsoft.windows.common-controls_6595b64144ccf1df_6.0.26100.8328_none_3e08182ce334b678\COMCTL32.dll
0x00007ffb676c0000 - 0x00007ffb676e7000 	C:\WINDOWS\System32\win32u.dll
0x00007ffb69a50000 - 0x00007ffb69af9000 	C:\WINDOWS\System32\msvcrt.dll
0x00007ffb6a530000 - 0x00007ffb6a55b000 	C:\WINDOWS\System32\GDI32.dll
0x00007ffb67380000 - 0x00007ffb674ac000 	C:\WINDOWS\System32\gdi32full.dll
0x00007ffb68570000 - 0x00007ffb68613000 	C:\WINDOWS\System32\msvcp_win.dll
0x00007ffb69c20000 - 0x00007ffb69c52000 	C:\WINDOWS\System32\IMM32.DLL
0x00007ffb381e0000 - 0x00007ffb381ec000 	C:\Users\varshith reddy\.jdks\openjdk-23.0.2\bin\vcruntime140_1.dll
0x00007ffaf7530000 - 0x00007ffaf75be000 	C:\Users\varshith reddy\.jdks\openjdk-23.0.2\bin\msvcp140.dll
0x00007ffab2e90000 - 0x00007ffab3be0000 	C:\Users\varshith reddy\.jdks\openjdk-23.0.2\bin\server\jvm.dll
0x00007ffb68640000 - 0x00007ffb686f6000 	C:\WINDOWS\System32\ADVAPI32.dll
0x00007ffb6a610000 - 0x00007ffb6a6b7000 	C:\WINDOWS\System32\sechost.dll
0x00007ffb691b0000 - 0x00007ffb692c8000 	C:\WINDOWS\System32\RPCRT4.dll
0x00007ffb6a6c0000 - 0x00007ffb6a740000 	C:\WINDOWS\System32\WS2_32.dll
0x00007ffb67130000 - 0x00007ffb6718e000 	C:\WINDOWS\SYSTEM32\POWRPROF.dll
0x00007ffb55940000 - 0x00007ffb55976000 	C:\WINDOWS\SYSTEM32\WINMM.dll
0x00007ffb5f4a0000 - 0x00007ffb5f4ab000 	C:\WINDOWS\SYSTEM32\VERSION.dll
0x00007ffb67110000 - 0x00007ffb67124000 	C:\WINDOWS\SYSTEM32\UMPDC.dll
0x00007ffb66020000 - 0x00007ffb6603b000 	C:\WINDOWS\SYSTEM32\kernel.appcore.dll
0x00007ffb29710000 - 0x00007ffb2971a000 	C:\Users\varshith reddy\.jdks\openjdk-23.0.2\bin\jimage.dll
0x00007ffb65270000 - 0x00007ffb654b2000 	C:\WINDOWS\SYSTEM32\DBGHELP.DLL
0x00007ffb6a0e0000 - 0x00007ffb6a463000 	C:\WINDOWS\System32\combase.dll
0x00007ffb68700000 - 0x00007ffb687d9000 	C:\WINDOWS\System32\OLEAUT32.dll
0x00007ffb4ef80000 - 0x00007ffb4efbb000 	C:\WINDOWS\SYSTEM32\dbgcore.DLL
0x00007ffb672d0000 - 0x00007ffb67378000 	C:\WINDOWS\System32\bcryptPrimitives.dll
0x00007ffafbd50000 - 0x00007ffafbd5f000 	C:\Users\varshith reddy\.jdks\openjdk-23.0.2\bin\instrument.dll
0x00007ffafe3b0000 - 0x00007ffafe3ce000 	C:\Users\varshith reddy\.jdks\openjdk-23.0.2\bin\java.dll
0x00007ffb69e40000 - 0x00007ffb69fd7000 	C:\WINDOWS\System32\ole32.dll
0x00007ffb692d0000 - 0x00007ffb69a3e000 	C:\WINDOWS\System32\SHELL32.dll
0x00007ffb67af0000 - 0x00007ffb6835c000 	C:\WINDOWS\System32\windows.storage.dll
0x00007ffb6a750000 - 0x00007ffb6a846000 	C:\WINDOWS\System32\SHCORE.dll
0x00007ffb69140000 - 0x00007ffb691a6000 	C:\WINDOWS\System32\shlwapi.dll
0x00007ffb671f0000 - 0x00007ffb67219000 	C:\WINDOWS\SYSTEM32\profapi.dll
0x00007ffaf6d30000 - 0x00007ffaf6e07000 	C:\Users\varshith reddy\.jdks\openjdk-23.0.2\bin\jsvml.dll
0x00007ffafbda0000 - 0x00007ffafbdb7000 	C:\Users\varshith reddy\.jdks\openjdk-23.0.2\bin\zip.dll
0x00007ffb1d910000 - 0x00007ffb1d920000 	C:\Users\varshith reddy\.jdks\openjdk-23.0.2\bin\net.dll
0x00007ffb66580000 - 0x00007ffb665ec000 	C:\WINDOWS\system32\mswsock.dll
0x00007ffafe390000 - 0x00007ffafe3a6000 	C:\Users\varshith reddy\.jdks\openjdk-23.0.2\bin\nio.dll
0x00007ffb1d070000 - 0x00007ffb1d079000 	C:\Users\varshith reddy\.jdks\openjdk-23.0.2\bin\extnet.dll
0x00007ffafb760000 - 0x00007ffafb76a000 	C:\Users\varshith reddy\.jdks\openjdk-23.0.2\bin\management.dll
0x00007ffafba20000 - 0x00007ffafba2b000 	C:\Users\varshith reddy\.jdks\openjdk-23.0.2\bin\management_ext.dll
0x00007ffb689b0000 - 0x00007ffb689b8000 	C:\WINDOWS\System32\PSAPI.DLL
0x00007ffb65a10000 - 0x00007ffb65a42000 	C:\WINDOWS\SYSTEM32\IPHLPAPI.DLL
0x00007ffb6a850000 - 0x00007ffb6a85a000 	C:\WINDOWS\System32\NSI.dll
0x00007ffb65a50000 - 0x00007ffb65b82000 	C:\WINDOWS\SYSTEM32\DNSAPI.dll
0x00007ffb5fcf0000 - 0x00007ffb5fcfb000 	C:\Windows\System32\rasadhlp.dll
0x00007ffafbd40000 - 0x00007ffafbd4e000 	C:\Users\varshith reddy\.jdks\openjdk-23.0.2\bin\sunmscapi.dll
0x00007ffb67540000 - 0x00007ffb676b8000 	C:\WINDOWS\System32\CRYPT32.dll
0x00007ffb66ad0000 - 0x00007ffb66b00000 	C:\WINDOWS\SYSTEM32\ncrypt.dll
0x00007ffb66a80000 - 0x00007ffb66abf000 	C:\WINDOWS\SYSTEM32\NTASN1.dll
0x00007ffb668b0000 - 0x00007ffb668cb000 	C:\WINDOWS\SYSTEM32\CRYPTSP.dll
0x00007ffb65f80000 - 0x00007ffb65fb9000 	C:\WINDOWS\system32\rsaenh.dll
0x00007ffb66630000 - 0x00007ffb66663000 	C:\WINDOWS\SYSTEM32\USERENV.dll
0x00007ffb671c0000 - 0x00007ffb671ea000 	C:\WINDOWS\SYSTEM32\bcrypt.dll
0x00007ffb668d0000 - 0x00007ffb668dc000 	C:\WINDOWS\SYSTEM32\CRYPTBASE.dll
0x00007ffb1fcb0000 - 0x00007ffb1fcb8000 	C:\WINDOWS\system32\wshunix.dll
0x00007ffb5eb80000 - 0x00007ffb5ec06000 	C:\WINDOWS\System32\fwpuclnt.dll

dbghelp: loaded successfully - version: 4.0.5 - missing functions: none
symbol engine: initialized successfully - sym options: 0x614 - pdb path: .;C:\Users\varshith reddy\.jdks\openjdk-23.0.2\bin;C:\WINDOWS\SYSTEM32;C:\WINDOWS\WinSxS\amd64_microsoft.windows.common-controls_6595b64144ccf1df_6.0.26100.8328_none_3e08182ce334b678;C:\Users\varshith reddy\.jdks\openjdk-23.0.2\bin\server

VM Arguments:
jvm_args: -javaagent:C:\Program Files\JetBrains\IntelliJ IDEA Community Edition 2024.3.4.1\lib\idea_rt.jar=56540 -Dfile.encoding=UTF-8 -Dsun.stdout.encoding=UTF-8 -Dsun.stderr.encoding=UTF-8 
java_command: com.ecom.customerapi.CustomerapiApplication
java_class_path (initial): C:\Users\varshith reddy\Desktop\projects\antigravity-k8s-microservices\github-actions-test\customerapi\target\classes;C:\Users\varshith reddy\.m2\repository\org\springframework\boot\spring-boot-starter-data-jpa\4.0.1\spring-boot-starter-data-jpa-4.0.1.jar;C:\Users\varshith reddy\.m2\repository\org\springframework\boot\spring-boot-starter\4.0.1\spring-boot-starter-4.0.1.jar;C:\Users\varshith reddy\.m2\repository\org\springframework\boot\spring-boot-starter-logging\4.0.1\spring-boot-starter-logging-4.0.1.jar;C:\Users\varshith reddy\.m2\repository\ch\qos\logback\logback-classic\1.5.22\logback-classic-1.5.22.jar;C:\Users\varshith reddy\.m2\repository\ch\qos\logback\logback-core\1.5.22\logback-core-1.5.22.jar;C:\Users\varshith reddy\.m2\repository\org\apache\logging\log4j\log4j-to-slf4j\2.25.3\log4j-to-slf4j-2.25.3.jar;C:\Users\varshith reddy\.m2\repository\org\apache\logging\log4j\log4j-api\2.25.3\log4j-api-2.25.3.jar;C:\Users\varshith reddy\.m2\repository\org\slf4j\jul-to-slf4j\2.0.17\jul-to-slf4j-2.0.17.jar;C:\Users\varshith reddy\.m2\repository\jakarta\annotation\jakarta.annotation-api\3.0.0\jakarta.annotation-api-3.0.0.jar;C:\Users\varshith reddy\.m2\repository\org\yaml\snakeyaml\2.5\snakeyaml-2.5.jar;C:\Users\varshith reddy\.m2\repository\org\springframework\boot\spring-boot-starter-jdbc\4.0.1\spring-boot-starter-jdbc-4.0.1.jar;C:\Users\varshith reddy\.m2\repository\com\zaxxer\HikariCP\7.0.2\HikariCP-7.0.2.jar;C:\Users\varshith reddy\.m2\repository\org\springframework\boot\spring-boot-data-jpa\4.0.1\spring-boot-data-jpa-4.0.1.jar;C:\Users\varshith reddy\.m2\repository\org\springframework\boot\spring-boot-data-commons\4.0.1\spring-boot-data-commons-4.0.1.jar;C:\Users\varshith reddy\.m2\repository\org\springframework\boot\spring-boot-persistence\4.0.1\spring-boot-persistence-4.0.1.jar;C:\Users\varshith reddy\.m2\repository\org\springframework\data\spring-data-commons\4.0.1\spring-data-commons-4.0.1.jar;C:\Users\varshith reddy\.m2\repository\org\springframework\boot\spring-boot-hibernate\4.0.1\spring-boot-hibernate-4.0.1.jar;C:\Users\varshith reddy\.m2\repository\org\springframework\boot\spring-boot-jpa\4.0.1\spring-boot-jpa-4.0.1.jar;C:\Users\varshith reddy\.m2\repository\jakarta\persistence\jakarta.persistence-api\3.2.0\jakarta.persistence-api-3.2.0.jar;C:\Users\varshith reddy\.m2\repository\org\hibernate\orm\hibernate-core\7.2.0.Final\hibernate-core-7.2.0.Final.jar;C:\Users\varshith reddy\.m2\repository\jakarta\transaction\jakarta.transaction-api\2.0.1\jakarta.transaction-api-2.0.1.jar;C:\Users\varshith reddy\.m2\repository\org\jboss\logging\jboss-logging\3.6.1.Final\jboss-logging-3.6.1.Final.jar;C:\Users\varshith reddy\.m2\repository\org\hibernate\models\hibernate-models\1.0.1\hibernate-models-1.0.1.jar;C:\Users\varshith reddy\.m2\repository\com\fasterxml\classmate\1.7.1\classmate-1.7.1.jar;C:\Users\varshith reddy\.m2\repository\org\glassfish\jaxb\jaxb-runtime\4.0.6\jaxb-runtime-4.0.6.jar;C:\Users\varshith reddy\.m2\repository\org\glassfish\jaxb\jaxb-core\4.0.6\jaxb-core-4.0.6.jar;C:\Users\varshith reddy\.m2\repository\org\eclipse\angus\angus-activation\2.0.3\angus-activation-2.0.3.jar;C:\Users\varshith reddy\.m2\repository\org\glassfish\jaxb\txw2\4.0.6\txw2-4.0.6.jar;C:\Users\varshith reddy\.m2\repository\com\sun\istack\istack-commons-runtime\4.1.2\istack-commons-runtime-4.1.2.jar;C:\Users\varshith reddy\.m2\repository\jakarta\inject\jakarta.inject-api\2.0.1\jakarta.inject-api-2.0.1.jar;C:\Users\varshith reddy\.m2\repository\org\springframework\spring-orm\7.0.2\spring-orm-7.0.2.jar;C:\Users\varshith reddy\.m2\repository\org\springframework\data\spring-data-jpa\4.0.1\spring-data-jpa-4.0.1.jar;C:\Users\varshith reddy\.m2\repository\org\springframework\spring-aop\7.0.2\spring-aop-7.0.2.jar;C:\Users\varshith reddy\.m2\repository\org\springframework\spring-tx\7.0.2\spring-tx-7.0.2.jar;C:\Users\varshith reddy\.m2\repository\org\antlr\antlr4-runtime\4.13.2\antlr4-runtime-4.13.2.jar;C:\Users\varshith reddy\.m2\repository\org\springframework\spring-aspects\7.0.2\spring-aspects-7.0.2.jar;C:\Users\varshith reddy\.m2\repository\org\aspectj\aspectjweaver\1.9.25.1\aspectjweaver-1.9.25.1.jar;C:\Users\varshith reddy\.m2\repository\org\springframework\boot\spring-boot-jdbc\4.0.1\spring-boot-jdbc-4.0.1.jar;C:\Users\varshith reddy\.m2\repository\org\springframework\boot\spring-boot-sql\4.0.1\spring-boot-sql-4.0.1.jar;C:\Users\varshith reddy\.m2\repository\org\springframework\boot\spring-boot-transaction\4.0.1\spring-boot-transaction-4.0.1.jar;C:\Users\varshith reddy\.m2\repository\org\springframework\spring-jdbc\7.0.2\spring-jdbc-7.0.2.jar;C:\Users\varshith reddy\.m2\repository\com\mysql\mysql-connector-j\9.5.0\mysql-connector-j-9.5.0.jar;C:\Users\varshith reddy\.m2\repository\org\springframework\boot\spring-boot-devtools\4.0.1\spring-boot-devtools-4.0.1.jar;C:\Users\varshith reddy\.m2\repository\org\springframework\boot\spring-boot\4.0.1\spring-boot-4.0.1.jar;C:\Users\varshith reddy\.m2\repository\org\springframework\spring-context\7.0.2\spring-context-7.0.2.jar;C:\Users\varshith reddy\.m2\repository\org\springframework\spring-expression\7.0.2\spring-expression-7.0.2.jar;C:\Users\varshith reddy\.m2\repository\org\springframework\boot\spring-boot-autoconfigure\4.0.1\spring-boot-autoconfigure-4.0.1.jar;C:\Users\varshith reddy\.m2\repository\org\projectlombok\lombok\1.18.42\lombok-1.18.42.jar;C:\Users\varshith reddy\.m2\repository\org\springframework\boot\spring-boot-starter-web\4.0.1\spring-boot-starter-web-4.0.1.jar;C:\Users\varshith reddy\.m2\repository\org\springframework\boot\spring-boot-starter-jackson\4.0.1\spring-boot-starter-jackson-4.0.1.jar;C:\Users\varshith reddy\.m2\repository\org\springframework\boot\spring-boot-jackson\4.0.1\spring-boot-jackson-4.0.1.jar;C:\Users\varshith reddy\.m2\repository\tools\jackson\core\jackson-databind\3.0.3\jackson-databind-3.0.3.jar;C:\Users\varshith reddy\.m2\repository\com\fasterxml\jackson\core\jackson-annotations\2.20\jackson-annotations-2.20.jar;C:\Users\varshith reddy\.m2\repository\tools\jackson\core\jackson-core\3.0.3\jackson-core-3.0.3.jar;C:\Users\varshith reddy\.m2\repository\org\springframework\boot\spring-boot-starter-tomcat\4.0.1\spring-boot-starter-tomcat-4.0.1.jar;C:\Users\varshith reddy\.m2\repository\org\springframework\boot\spring-boot-starter-tomcat-runtime\4.0.1\spring-boot-starter-tomcat-runtime-4.0.1.jar;C:\Users\varshith reddy\.m2\repository\org\springframework\boot\spring-boot-web-server\4.0.1\spring-boot-web-server-4.0.1.jar;C:\Users\varshith reddy\.m2\repository\org\apache\tomcat\embed\tomcat-embed-core\11.0.15\tomcat-embed-core-11.0.15.jar;C:\Users\varshith reddy\.m2\repository\org\apache\tomcat\embed\tomcat-embed-el\11.0.15\tomcat-embed-el-11.0.15.jar;C:\Users\varshith reddy\.m2\repository\org\apache\tomcat\embed\tomcat-embed-websocket\11.0.15\tomcat-embed-websocket-11.0.15.jar;C:\Users\varshith reddy\.m2\repository\org\springframework\boot\spring-boot-tomcat\4.0.1\spring-boot-tomcat-4.0.1.jar;C:\Users\varshith reddy\.m2\repository\org\springframework\boot\spring-boot-http-converter\4.0.1\spring-boot-http-converter-4.0.1.jar;C:\Users\varshith reddy\.m2\repository\org\springframework\boot\spring-boot-webmvc\4.0.1\spring-boot-webmvc-4.0.1.jar;C:\Users\varshith reddy\.m2\repository\org\springframework\boot\spring-boot-servlet\4.0.1\spring-boot-servlet-4.0.1.jar;C:\Users\varshith reddy\.m2\repository\org\springframework\spring-webmvc\7.0.2\spring-webmvc-7.0.2.jar;C:\Users\varshith reddy\.m2\repository\org\springframework\boot\spring-boot-starter-actuator\4.0.1\spring-boot-starter-actuator-4.0.1.jar;C:\Users\varshith reddy\.m2\repository\org\springframework\boot\spring-boot-starter-micrometer-metrics\4.0.1\spring-boot-starter-micrometer-metrics-4.0.1.jar;C:\Users\varshith reddy\.m2\repository\org\springframework\boot\spring-boot-micrometer-metrics\4.0.1\spring-boot-micrometer-metrics-4.0.1.jar;C:\Users\varshith reddy\.m2\repository\org\springframework\boot\spring-boot-actuator-autoconfigure\4.0.1\spring-boot-actuator-autoconfigure-4.0.1.jar;C:\Users\varshith reddy\.m2\repository\org\springframework\boot\spring-boot-actuator\4.0.1\spring-boot-actuator-4.0.1.jar;C:\Users\varshith reddy\.m2\repository\org\springframework\boot\spring-boot-health\4.0.1\spring-boot-health-4.0.1.jar;C:\Users\varshith reddy\.m2\repository\io\micrometer\micrometer-observation\1.16.1\micrometer-observation-1.16.1.jar;C:\Users\varshith reddy\.m2\repository\org\jspecify\jspecify\1.0.0\jspecify-1.0.0.jar;C:\Users\varshith reddy\.m2\repository\io\micrometer\micrometer-commons\1.16.1\micrometer-commons-1.16.1.jar;C:\Users\varshith reddy\.m2\repository\io\micrometer\micrometer-jakarta9\1.16.1\micrometer-jakarta9-1.16.1.jar;C:\Users\varshith reddy\.m2\repository\io\micrometer\micrometer-core\1.16.1\micrometer-core-1.16.1.jar;C:\Users\varshith reddy\.m2\repository\org\hdrhistogram\HdrHistogram\2.2.2\HdrHistogram-2.2.2.jar;C:\Users\varshith reddy\.m2\repository\org\latencyutils\LatencyUtils\2.0.3\LatencyUtils-2.0.3.jar;C:\Users\varshith reddy\.m2\repository\org\modelmapper\modelmapper\3.2.2\modelmapper-3.2.2.jar;C:\Users\varshith reddy\.m2\repository\org\springdoc\springdoc-openapi-starter-webmvc-ui\2.8.13\springdoc-openapi-starter-webmvc-ui-2.8.13.jar;C:\Users\varshith reddy\.m2\repository\org\springdoc\springdoc-openapi-starter-webmvc-api\2.8.13\springdoc-openapi-starter-webmvc-api-2.8.13.jar;C:\Users\varshith reddy\.m2\repository\org\springdoc\springdoc-openapi-starter-common\2.8.13\springdoc-openapi-starter-common-2.8.13.jar;C:\Users\varshith reddy\.m2\repository\org\springframework\boot\spring-boot-starter-validation\4.0.1\spring-boot-starter-validation-4.0.1.jar;C:\Users\varshith reddy\.m2\repository\org\springframework\boot\spring-boot-validation\4.0.1\spring-boot-validation-4.0.1.jar;C:\Users\varshith reddy\.m2\repository\org\hibernate\validator\hibernate-validator\9.0.1.Final\hibernate-validator-9.0.1.Final.jar;C:\Users\varshith reddy\.m2\repository\io\swagger\core\v3\swagger-core-jakarta\2.2.36\swagger-core-jakarta-2.2.36.jar;C:\Users\varshith reddy\.m2\repository\io\swagger\core\v3\swagger-annotations-jakarta\2.2.36\swagger-annotations-jakarta-2.2.36.jar;C:\Users\varshith reddy\.m2\repository\io\swagger\core\v3\swagger-models-jakarta\2.2.36\swagger-models-jakarta-2.2.36.jar;C:\Users\varshith reddy\.m2\repository\jakarta\validation\jakarta.validation-api\3.1.1\jakarta.validation-api-3.1.1.jar;C:\Users\varshith reddy\.m2\repository\com\fasterxml\jackson\core\jackson-databind\2.20.1\jackson-databind-2.20.1.jar;C:\Users\varshith reddy\.m2\repository\com\fasterxml\jackson\core\jackson-core\2.20.1\jackson-core-2.20.1.jar;C:\Users\varshith reddy\.m2\repository\com\fasterxml\jackson\dataformat\jackson-dataformat-yaml\2.20.1\jackson-dataformat-yaml-2.20.1.jar;C:\Users\varshith reddy\.m2\repository\com\fasterxml\jackson\datatype\jackson-datatype-jsr310\2.20.1\jackson-datatype-jsr310-2.20.1.jar;C:\Users\varshith reddy\.m2\repository\org\webjars\swagger-ui\5.28.1\swagger-ui-5.28.1.jar;C:\Users\varshith reddy\.m2\repository\org\webjars\webjars-locator-lite\1.1.2\webjars-locator-lite-1.1.2.jar;C:\Users\varshith reddy\.m2\repository\jakarta\xml\bind\jakarta.xml.bind-api\4.0.4\jakarta.xml.bind-api-4.0.4.jar;C:\Users\varshith reddy\.m2\repository\jakarta\activation\jakarta.activation-api\2.1.4\jakarta.activation-api-2.1.4.jar;C:\Users\varshith reddy\.m2\repository\net\bytebuddy\byte-buddy\1.17.8\byte-buddy-1.17.8.jar;C:\Users\varshith reddy\.m2\repository\org\springframework\spring-core\7.0.2\spring-core-7.0.2.jar;C:\Users\varshith reddy\.m2\repository\commons-logging\commons-logging\1.3.5\commons-logging-1.3.5.jar;C:\Users\varshith reddy\.m2\repository\org\springframework\cloud\spring-cloud-starter-kubernetes-client-all\5.0.0\spring-cloud-starter-kubernetes-client-all-5.0.0.jar;C:\Users\varshith reddy\.m2\repository\org\springframework\cloud\spring-cloud-kubernetes-client-config\5.0.0\spring-cloud-kubernetes-client-config-5.0.0.jar;C:\Users\varshith reddy\.m2\repository\org\springframework\cloud\spring-cloud-kubernetes-client-autoconfig\5.0.0\spring-cloud-kubernetes-client-autoconfig-5.0.0.jar;C:\Users\varshith reddy\.m2\repository\org\springframework\cloud\spring-cloud-kubernetes-commons\5.0.0\spring-cloud-kubernetes-commons-5.0.0.jar;C:\Users\varshith reddy\.m2\repository\io\kubernetes\client-java\24.0.0\client-java-24.0.0.jar;C:\Users\varshith reddy\.m2\repository\io\kubernetes\client-java-api\24.0.0\client-java-api-24.0.0.jar;C:\Users\varshith reddy\.m2\repository\javax\annotation\javax.annotation-api\1.3.2\javax.annotation-api-1.3.2.jar;C:\Users\varshith reddy\.m2\repository\io\swagger\swagger-annotations\1.6.16\swagger-annotations-1.6.16.jar;C:\Users\varshith reddy\.m2\repository\com\squareup\okhttp3\okhttp\4.12.0\okhttp-4.12.0.jar;C:\Users\varshith reddy\.m2\repository\com\squareup\okio\okio\3.6.0\okio-3.6.0.jar;C:\Users\varshith reddy\.m2\repository\com\squareup\okio\okio-jvm\3.6.0\okio-jvm-3.6.0.jar;C:\Users\varshith reddy\.m2\repository\org\jetbrains\kotlin\kotlin-stdlib-common\1.9.10\kotlin-stdlib-common-1.9.10.jar;C:\Users\varshith reddy\.m2\repository\org\jetbrains\kotlin\kotlin-stdlib-jdk8\2.2.21\kotlin-stdlib-jdk8-2.2.21.jar;C:\Users\varshith reddy\.m2\repository\org\jetbrains\kotlin\kotlin-stdlib\2.2.21\kotlin-stdlib-2.2.21.jar;C:\Users\varshith reddy\.m2\repository\org\jetbrains\annotations\13.0\annotations-13.0.jar;C:\Users\varshith reddy\.m2\repository\org\jetbrains\kotlin\kotlin-stdlib-jdk7\2.2.21\kotlin-stdlib-jdk7-2.2.21.jar;C:\Users\varshith reddy\.m2\repository\com\squareup\okhttp3\logging-interceptor\4.12.0\logging-interceptor-4.12.0.jar;C:\Users\varshith reddy\.m2\repository\com\google\code\gson\gson\2.13.2\gson-2.13.2.jar;C:\Users\varshith reddy\.m2\repository\io\gsonfire\gson-fire\1.9.0\gson-fire-1.9.0.jar;C:\Users\varshith reddy\.m2\repository\com\google\code\findbugs\jsr305\3.0.2\jsr305-3.0.2.jar;C:\Users\varshith reddy\.m2\repository\io\kubernetes\client-java-proto\24.0.0\client-java-proto-24.0.0.jar;C:\Users\varshith reddy\.m2\repository\commons-codec\commons-codec\1.19.0\commons-codec-1.19.0.jar;C:\Users\varshith reddy\.m2\repository\org\apache\commons\commons-compress\1.27.1\commons-compress-1.27.1.jar;C:\Users\varshith reddy\.m2\repository\org\apache\commons\commons-lang3\3.19.0\commons-lang3-3.19.0.jar;C:\Users\varshith reddy\.m2\repository\commons-io\commons-io\2.19.0\commons-io-2.19.0.jar;C:\Users\varshith reddy\.m2\repository\org\bouncycastle\bcpkix-jdk18on\1.80\bcpkix-jdk18on-1.80.jar;C:\Users\varshith reddy\.m2\repository\org\bouncycastle\bcutil-jdk18on\1.80\bcutil-jdk18on-1.80.jar;C:\Users\varshith reddy\.m2\repository\org\bouncycastle\bcprov-jdk18on\1.80\bcprov-jdk18on-1.80.jar;C:\Users\varshith reddy\.m2\repository\com\google\protobuf\protobuf-java\4.31.0\protobuf-java-4.31.0.jar;C:\Users\varshith reddy\.m2\repository\org\apache\commons\commons-collections4\4.5.0\commons-collections4-4.5.0.jar;C:\Users\varshith reddy\.m2\repository\org\bitbucket\b_c\jose4j\0.9.6\jose4j-0.9.6.jar;C:\Users\varshith reddy\.m2\repository\io\kubernetes\client-java-extended\24.0.0\client-java-extended-24.0.0.jar;C:\Users\varshith reddy\.m2\repository\io\kubernetes\client-java-api-fluent\24.0.0\client-java-api-fluent-24.0.0.jar;C:\Users\varshith reddy\.m2\repository\com\bucket4j\bucket4j-core\8.10.1\bucket4j-core-8.10.1.jar;C:\Users\varshith reddy\.m2\repository\com\github\ben-manes\caffeine\caffeine\3.2.3\caffeine-3.2.3.jar;C:\Users\varshith reddy\.m2\repository\com\google\errorprone\error_prone_annotations\2.43.0\error_prone_annotations-2.43.0.jar;C:\Users\varshith reddy\.m2\repository\org\springframework\cloud\spring-cloud-kubernetes-client-discovery\5.0.0\spring-cloud-kubernetes-client-discovery-5.0.0.jar;C:\Users\varshith reddy\.m2\repository\org\springframework\cloud\spring-cloud-kubernetes-client-loadbalancer\5.0.0\spring-cloud-kubernetes-client-loadbalancer-5.0.0.jar;C:\Users\varshith reddy\.m2\repository\org\springframework\cloud\spring-cloud-starter-loadbalancer\5.0.0\spring-cloud-starter-loadbalancer-5.0.0.jar;C:\Users\varshith reddy\.m2\repository\org\springframework\cloud\spring-cloud-loadbalancer\5.0.0\spring-cloud-loadbalancer-5.0.0.jar;C:\Users\varshith reddy\.m2\repository\io\projectreactor\reactor-core\3.8.1\reactor-core-3.8.1.jar;C:\Users\varshith reddy\.m2\repository\org\reactivestreams\reactive-streams\1.0.4\reactive-streams-1.0.4.jar;C:\Users\varshith reddy\.m2\repository\io\projectreactor\addons\reactor-extra\3.6.0\reactor-extra-3.6.0.jar;C:\Users\varshith reddy\.m2\repository\org\springframework\boot\spring-boot-starter-cache\4.0.1\spring-boot-starter-cache-4.0.1.jar;C:\Users\varshith reddy\.m2\repository\org\springframework\boot\spring-boot-cache\4.0.1\spring-boot-cache-4.0.1.jar;C:\Users\varshith reddy\.m2\repository\org\springframework\spring-context-support\7.0.2\spring-context-support-7.0.2.jar;C:\Users\varshith reddy\.m2\repository\com\stoyanr\evictor\1.0.0\evictor-1.0.0.jar;C:\Users\varshith reddy\.m2\repository\org\springframework\cloud\spring-cloud-starter-openfeign\5.0.0\spring-cloud-starter-openfeign-5.0.0.jar;C:\Users\varshith reddy\.m2\repository\org\springframework\cloud\spring-cloud-starter\5.0.0\spring-cloud-starter-5.0.0.jar;C:\Users\varshith reddy\.m2\repository\org\springframework\cloud\spring-cloud-context\5.0.0\spring-cloud-context-5.0.0.jar;C:\Users\varshith reddy\.m2\repository\org\springframework\cloud\spring-cloud-openfeign-core\5.0.0\spring-cloud-openfeign-core-5.0.0.jar;C:\Users\varshith reddy\.m2\repository\io\github\openfeign\feign-form-spring\13.6\feign-form-spring-13.6.jar;C:\Users\varshith reddy\.m2\repository\org\apache\commons\commons-text\1.13.0\commons-text-1.13.0.jar;C:\Users\varshith reddy\.m2\repository\io\github\openfeign\feign-form\13.6\feign-form-13.6.jar;C:\Users\varshith reddy\.m2\repository\commons-fileupload\commons-fileupload\1.5\commons-fileupload-1.5.jar;C:\Users\varshith reddy\.m2\repository\org\springframework\spring-web\7.0.2\spring-web-7.0.2.jar;C:\Users\varshith reddy\.m2\repository\org\springframework\spring-beans\7.0.2\spring-beans-7.0.2.jar;C:\Users\varshith reddy\.m2\repository\org\springframework\cloud\spring-cloud-commons\5.0.0\spring-cloud-commons-5.0.0.jar;C:\Users\varshith reddy\.m2\repository\org\springframework\security\spring-security-crypto\7.0.2\spring-security-crypto-7.0.2.jar;C:\Users\varshith reddy\.m2\repository\io\github\openfeign\feign-core\13.6\feign-core-13.6.jar;C:\Users\varshith reddy\.m2\repository\io\github\openfeign\feign-slf4j\13.6\feign-slf4j-13.6.jar;C:\Users\varshith reddy\.m2\repository\org\springframework\boot\spring-boot-micrometer-tracing-brave\4.0.1\spring-boot-micrometer-tracing-brave-4.0.1.jar;C:\Users\varshith reddy\.m2\repository\org\springframework\boot\spring-boot-micrometer-observation\4.0.1\spring-boot-micrometer-observation-4.0.1.jar;C:\Users\varshith reddy\.m2\repository\org\springframework\boot\spring-boot-micrometer-tracing\4.0.1\spring-boot-micrometer-tracing-4.0.1.jar;C:\Users\varshith reddy\.m2\repository\io\micrometer\micrometer-tracing\1.6.1\micrometer-tracing-1.6.1.jar;C:\Users\varshith reddy\.m2\repository\io\micrometer\context-propagation\1.2.0\context-propagation-1.2.0.jar;C:\Users\varshith reddy\.m2\repository\org\springframework\boot\spring-boot-starter-zipkin\4.0.1\spring-boot-starter-zipkin-4.0.1.jar;C:\Users\varshith reddy\.m2\repository\org\springframework\boot\spring-boot-zipkin\4.0.1\spring-boot-zipkin-4.0.1.jar;C:\Users\varshith reddy\.m2\repository\io\zipkin\reporter2\zipkin-reporter-brave\3.5.1\zipkin-reporter-brave-3.5.1.jar;C:\Users\varshith reddy\.m2\repository\io\zipkin\reporter2\zipkin-reporter\3.5.1\zipkin-reporter-3.5.1.jar;C:\Users\varshith reddy\.m2\repository\io\micrometer\micrometer-tracing-bridge-brave\1.6.1\micrometer-tracing-bridge-brave-1.6.1.jar;C:\Users\varshith reddy\.m2\repository\org\slf4j\slf4j-api\2.0.17\slf4j-api-2.0.17.jar;C:\Users\varshith reddy\.m2\repository\io\zipkin\brave\brave\6.3.0\brave-6.3.0.jar;C:\Users\varshith reddy\.m2\repository\io\zipkin\brave\brave-context-slf4j\6.3.0\brave-context-slf4j-6.3.0.jar;C:\Users\varshith reddy\.m2\repository\io\zipkin\brave\brave-instrumentation-http\6.3.0\brave-instrumentation-http-6.3.0.jar;C:\Users\varshith reddy\.m2\repository\io\zipkin\aws\brave-propagation-aws\1.3.0\brave-propagation-aws-1.3.0.jar;C:\Users\varshith reddy\.m2\repository\io\zipkin\contrib\brave-propagation-w3c\brave-propagation-tracecontext\0.2.0\brave-propagation-tracecontext-0.2.0.jar
Launcher Type: SUN_STANDARD

[Global flags]
     intx CICompilerCount                          = 4                                         {product} {ergonomic}
     uint ConcGCThreads                            = 2                                         {product} {ergonomic}
     uint G1ConcRefinementThreads                  = 8                                         {product} {ergonomic}
   size_t G1HeapRegionSize                         = 1048576                                   {product} {ergonomic}
   size_t InitialHeapSize                          = 132120576                                 {product} {ergonomic}
   size_t MarkStackSize                            = 4194304                                   {product} {ergonomic}
   size_t MarkStackSizeMax                         = 536870912                                 {product} {ergonomic}
   size_t MaxHeapSize                              = 2105540608                                {product} {ergonomic}
   size_t MaxNewSize                               = 1262485504                                {product} {ergonomic}
   size_t MinHeapDeltaBytes                        = 1048576                                   {product} {ergonomic}
   size_t MinHeapSize                              = 8388608                                   {product} {ergonomic}
    uintx NonNMethodCodeHeapSize                   = 5832704                                {pd product} {ergonomic}
    uintx NonProfiledCodeHeapSize                  = 122945536                              {pd product} {ergonomic}
    uintx ProfiledCodeHeapSize                     = 122880000                              {pd product} {ergonomic}
    uintx ReservedCodeCacheSize                    = 251658240                              {pd product} {ergonomic}
     bool SegmentedCodeCache                       = true                                      {product} {ergonomic}
   size_t SoftMaxHeapSize                          = 2105540608                             {manageable} {ergonomic}
     bool UseCompressedOops                        = true                           {product lp64_product} {ergonomic}
     bool UseG1GC                                  = true                                      {product} {ergonomic}
     bool UseLargePagesIndividualAllocation        = false                                  {pd product} {ergonomic}

Logging:
Log output configuration:
 #0: stdout all=warning uptime,level,tags foldmultilines=false
 #1: stderr all=off uptime,level,tags foldmultilines=false

Environment Variables:
PATH=C:\Program Files\Common Files\Oracle\Java\javapath;C:\Softwares\Oracle\db_home\bin;C:\Windows\system32;C:\Windows;C:\Windows\System32\Wbem;C:\Windows\System32\WindowsPowerShell\v1.0\;C:\Windows\System32\OpenSSH\;C:\Program Files (x86)\NVIDIA Corporation\PhysX\Common;C:\Program Files\NVIDIA Corporation\NVIDIA NvDLISR;C:\WINDOWS\system32;C:\WINDOWS;C:\WINDOWS\System32\Wbem;C:\WINDOWS\System32\WindowsPowerShell\v1.0\;C:\WINDOWS\System32\OpenSSH\;C:\Program Files\dotnet\;C:\WINDOWS\system32;C:\WINDOWS;C:\WINDOWS\System32\Wbem;C:\WINDOWS\System32\WindowsPowerShell\v1.0\;C:\WINDOWS\System32\OpenSSH\;C:\ffmpeg\ffmpeg-master-latest-win64-gpl-shared\bin;C:\Users\varshith reddy\Desktop\softwares\java\bin;C:\Users\varshith reddy\AppData\Local\Programs\Python\Python311;C:\Users\varshith reddy\AppData\Local\Programs\Python\Python311\Scripts;C:\Program Files\Git\cmd;C:\Program Files\Docker\Docker\resources\bin;C:\Program Files\nodejs\;C:\Users\varshith reddy\AppData\Local\Programs\Python\Launcher\;C:\Program Files\MySQL\MySQL Shell 8.0\bin\;C:\Users\varshith reddy\AppData\Local\Microsoft\WindowsApps;C:\MinGW\bin;C:\Program Files\JetBrains\IntelliJ IDEA Community Edition 2024.3.4.1\bin;;C:\Users\varshith reddy\AppData\Local\Programs\Microsoft VS Code\bin;C:\ffmpeg\ffmpeg-master-latest-win64-gpl-shared\bin;C:\Users\varshith reddy\AppData\Local\Programs\Antigravity\bin;C:\Users\varshith reddy\AppData\Roaming\npm;C:\Users\varshith reddy\AppData\Local\PowerToys\DSCModules\
USERNAME=local temp
OS=Windows_NT
PROCESSOR_IDENTIFIER=Intel64 Family 6 Model 158 Stepping 13, GenuineIntel
TMP=C:\Users\VARSHI~1\AppData\Local\Temp
TEMP=C:\Users\VARSHI~1\AppData\Local\Temp




Periodic native trim disabled

---------------  S Y S T E M  ---------------

OS:
 Windows 11 , 64 bit Build 26100 (10.0.26100.8328)
OS uptime: 5 days 19:27 hours
Hyper-V role detected

CPU: total 8 (initial active 8) (4 cores per cpu, 2 threads per core) family 6 model 158 stepping 13 microcode 0xde, cx8, cmov, fxsr, ht, mmx, 3dnowpref, sse, sse2, sse3, ssse3, sse4.1, sse4.2, popcnt, lzcnt, tsc, tscinvbit, avx, avx2, aes, erms, clmul, bmi1, bmi2, adx, fma, vzeroupper, clflush, clflushopt, hv, rdtscp, f16c
Processor Information for the first 8 processors :
  Max Mhz: 2400, Current Mhz: 2400, Mhz Limit: 2400

Memory: 4k page, system-wide physical 8029M (315M free)
TotalPageFile size 32605M (AvailPageFile size 2M)
current process WorkingSet (physical memory assigned to process): 53M, peak: 355M
current process commit charge ("private bytes"): 376M, peak: 394M

vm_info: OpenJDK 64-Bit Server VM (23.0.2+7-58) for windows-amd64 JRE (23.0.2+7-58), built on 2024-11-29T09:34:55Z with MS VC++ 17.6 (VS2022)

END.
